#-----------------------------------------------------------
# Vivado v2013.3 (64-bit)
# SW Build 329390 on Wed Oct 16 18:37:02 MDT 2013
# IP Build 192953 on Wed Oct 16 08:44:02 MDT 2013
# Start of session at: Thu Mar 06 14:35:12 2014
# Process ID: 7560
# Log file: C:/Users/jcleong/Documents/MILESTONE_2/vga250/vivado.log
# Journal file: C:/Users/jcleong/Documents/MILESTONE_2/vga250\vivado.jou
#-----------------------------------------------------------
INFO: [Common 17-78] Attempting to get a license: Implementation
INFO: [Common 17-81] Feature available: Implementation
INFO: [Device 21-36] Loading parts and site information from C:/Xilinx/Vivado/2013.3/data/parts/arch.xml
Parsing RTL primitives file [C:/Xilinx/Vivado/2013.3/data/parts/xilinx/rtl/prims/rtl_prims.xml]
Finished parsing RTL primitives file [C:/Xilinx/Vivado/2013.3/data/parts/xilinx/rtl/prims/rtl_prims.xml]
start_gui
open_project {C:\Users\jcleong\Documents\MILESTONE_2\vga250\vga250.xpr}
Scanning sources...
Finished scanning sources
update_compile_order -fileset sources_1
exit
INFO: [Common 17-206] Exiting Vivado at Thu Mar 06 14:35:26 2014...
