#-----------------------------------------------------------
# Vivado v2013.3 (64-bit)
# SW Build 329390 on Wed Oct 16 18:37:02 MDT 2013
# IP Build 192953 on Wed Oct 16 08:44:02 MDT 2013
# Start of session at: Thu Apr 03 12:01:28 2014
# Process ID: 4368
# Log file: C:/Users/byim/Documents/ENSC_452/MILESTONE_6/mainGame/vivado.log
# Journal file: C:/Users/byim/Documents/ENSC_452/MILESTONE_6/mainGame\vivado.jou
#-----------------------------------------------------------
INFO: [Common 17-78] Attempting to get a license: Implementation
INFO: [Common 17-81] Feature available: Implementation
INFO: [Device 21-36] Loading parts and site information from C:/Xilinx/Vivado/2013.3/data/parts/arch.xml
Parsing RTL primitives file [C:/Xilinx/Vivado/2013.3/data/parts/xilinx/rtl/prims/rtl_prims.xml]
Finished parsing RTL primitives file [C:/Xilinx/Vivado/2013.3/data/parts/xilinx/rtl/prims/rtl_prims.xml]
start_gui
open_project {C:\Users\byim\Documents\ENSC_452\MILESTONE_6\mainGame\mainGame.xpr}
INFO: [Project 1-313] Project file moved from 'C:/Users/jcleong/Documents/MILESTONE_6/mainGame' since last save.
Import path for source C:/Users/byim/Documents/ENSC_452/MILESTONE_6/mainGame/mainGame.srcs/sources_1/bd/system/system.bd: Could not find the file 'C:/Users/byim/Documents/ENSC_452/audio_test/labsource/labs/lab4/audio/audio.srcs/sources_1/bd/system/system.bd', nor could it be found using path 'C:/Users/jcleong/Documents/audio_test/labsource/labs/lab4/audio/audio.srcs/sources_1/bd/system/system.bd'.
Import path for source C:/Users/byim/Documents/ENSC_452/MILESTONE_6/mainGame/mainGame.srcs/sources_1/bd/system/hdl/system_wrapper.v: Could not find the file 'C:/Users/byim/Documents/ENSC_452/audio_test/labsource/labs/lab4/audio/audio.srcs/sources_1/bd/system/hdl/system_wrapper.v', nor could it be found using path 'C:/Users/jcleong/Documents/audio_test/labsource/labs/lab4/audio/audio.srcs/sources_1/bd/system/hdl/system_wrapper.v'.
Import path for source C:/Users/byim/Documents/ENSC_452/MILESTONE_6/mainGame/mainGame.srcs/constrs_1/imports/lab4/zed_audio_constraints.xdc: Could not find the file 'C:/Users/byim/Documents/ENSC_452/audio_test/labsource/sources/lab4/zed_audio_constraints.xdc', nor could it be found using path 'C:/Users/jcleong/Documents/audio_test/labsource/sources/lab4/zed_audio_constraints.xdc'.
Scanning sources...
Finished scanning sources
Import path for source C:/Users/byim/Documents/ENSC_452/MILESTONE_6/mainGame/mainGame.srcs/sources_1/bd/system/system.bd: Could not find the file 'C:/Users/byim/Documents/ENSC_452/audio_test/labsource/labs/lab4/audio/audio.srcs/sources_1/bd/system/system.bd', nor could it be found using path 'C:/Users/jcleong/Documents/audio_test/labsource/labs/lab4/audio/audio.srcs/sources_1/bd/system/system.bd'.
Import path for source C:/Users/byim/Documents/ENSC_452/MILESTONE_6/mainGame/mainGame.srcs/sources_1/bd/system/hdl/system_wrapper.v: Could not find the file 'C:/Users/byim/Documents/ENSC_452/audio_test/labsource/labs/lab4/audio/audio.srcs/sources_1/bd/system/hdl/system_wrapper.v', nor could it be found using path 'C:/Users/jcleong/Documents/audio_test/labsource/labs/lab4/audio/audio.srcs/sources_1/bd/system/hdl/system_wrapper.v'.
Import path for source C:/Users/byim/Documents/ENSC_452/MILESTONE_6/mainGame/mainGame.srcs/constrs_1/imports/lab4/zed_audio_constraints.xdc: Could not find the file 'C:/Users/byim/Documents/ENSC_452/audio_test/labsource/sources/lab4/zed_audio_constraints.xdc', nor could it be found using path 'C:/Users/jcleong/Documents/audio_test/labsource/sources/lab4/zed_audio_constraints.xdc'.
Import path for source C:/Users/byim/Documents/ENSC_452/MILESTONE_6/mainGame/mainGame.srcs/constrs_1/imports/lab4/zed_audio_constraints.xdc: Could not find the file 'C:/Users/byim/Documents/ENSC_452/audio_test/labsource/sources/lab4/zed_audio_constraints.xdc', nor could it be found using path 'C:/Users/jcleong/Documents/audio_test/labsource/sources/lab4/zed_audio_constraints.xdc'.
INFO: [IP_Flow 19-234] Refreshing IP repositories
INFO: [IP_Flow 19-1700] Loaded user repository 'c:/Users/byim/Documents/ENSC_452/MILESTONE_6/zed_audio_ctrl'.
INFO: [IP_Flow 19-1700] Loaded user repository 'c:/Users/byim/Documents/ENSC_452/MILESTONE_6/joystk2'.
INFO: [IP_Flow 19-1700] Loaded user repository 'c:/Users/byim/Documents/ENSC_452/MILESTONE_6/rannum'.
INFO: [IP_Flow 19-1700] Loaded user repository 'c:/Users/byim/Documents/ENSC_452/MILESTONE_6/vga250'.
INFO: [IP_Flow 19-1700] Loaded user repository 'c:/Users/byim/Documents/ENSC_452/MILESTONE_6/led_ip'.
INFO: [IP_Flow 19-2313] Loaded Vivado repository 'C:/Xilinx/Vivado/2013.3/data/ip'.
open_project: Time (s): cpu = 00:00:15 ; elapsed = 00:00:13 . Memory (MB): peak = 862.234 ; gain = 103.965
reset_run impl_1 -prev_step 
launch_runs impl_1 -to_step write_bitstream
[Thu Apr 03 12:31:07 2014] Launched impl_1...
Run output will be captured here: C:/Users/byim/Documents/ENSC_452/MILESTONE_6/mainGame/mainGame.runs/impl_1/runme.log
open_run impl_1
INFO: [Netlist 29-17] Analyzing 20 Unisim elements for replacement
INFO: [Netlist 29-28] Unisim Transformation completed in 0 CPU seconds
INFO: [Project 1-479] Netlist was created with Vivado 2013.3
Loading clock regions from C:/Xilinx/Vivado/2013.3/data\parts/xilinx/zynq/zynq/xc7z020/ClockRegion.xml
Loading clock buffers from C:/Xilinx/Vivado/2013.3/data\parts/xilinx/zynq/zynq/xc7z020/ClockBuffers.xml
Loading clock placement rules from C:/Xilinx/Vivado/2013.3/data/parts/xilinx/zynq/ClockPlacerRules.xml
Loading package pin functions from C:/Xilinx/Vivado/2013.3/data\parts/xilinx/zynq/PinFunctions.xml...
Loading package from C:/Xilinx/Vivado/2013.3/data\parts/xilinx/zynq/zynq/xc7z020/clg484/Package.xml
Loading io standards from C:/Xilinx/Vivado/2013.3/data\./parts/xilinx/zynq/IOStandards.xml
INFO: [Opt 31-138] Pushed 0 inverter(s).
INFO: [Common 17-78] Attempting to get a license: Internal_bitstream
WARNING: [Common 17-301] Failed to get a license: Internal_bitstream
Parsing XDC File [C:/Users/byim/Documents/ENSC_452/MILESTONE_6/mainGame/.Xil/Vivado-4368-lab713/dcp/system_wrapper.xdc]
Finished Parsing XDC File [C:/Users/byim/Documents/ENSC_452/MILESTONE_6/mainGame/.Xil/Vivado-4368-lab713/dcp/system_wrapper.xdc]
Reading XDEF placement.
Reading XDEF routing.
Read XDEF File: Time (s): cpu = 00:00:00 ; elapsed = 00:00:00.156 . Memory (MB): peak = 1386.254 ; gain = 1.191
Restoring placement.
Restored 896 out of 896 XDEF sites from archive | CPU: 0.000000 secs | Memory: 0.000000 MB |
INFO: [Memdata 28-143] Successfully populated the BRAM INIT strings from the following elf files: 
INFO: [Project 1-111] Unisim Transformation Summary:
  A total of 17 instances were transformed.
  IOBUF => IOBUF (OBUFT, IBUF): 17 instances

open_run: Time (s): cpu = 00:00:36 ; elapsed = 00:00:23 . Memory (MB): peak = 1630.594 ; gain = 706.691
export_hardware [get_files C:/Users/byim/Documents/ENSC_452/MILESTONE_6/mainGame/mainGame.srcs/sources_1/bd/system/system.bd] [get_runs impl_1] -bitstream
WARNING: [Vivado 12-690] Backannotated BMM file does not exist in the run dir:C:/Users/byim/Documents/ENSC_452/MILESTONE_6/mainGame/mainGame.runs/impl_1/system_wrapper_bd.bmm
ERROR: [BD 41-435] Failed to run "export_hardware" for "system". This diagram is not currently open. "export_hardware" works only for active block diagrams.
ERROR: [Common 17-39] 'export_hardware' failed due to earlier errors.
open_bd_design {C:/Users/byim/Documents/ENSC_452/MILESTONE_6/mainGame/mainGame.srcs/sources_1/bd/system/system.bd}
Adding component instance block -- xilinx.com:ip:processing_system7:5.3 - processing_system7_0
Adding component instance block -- xilinx.com:ip:axi_gpio:2.0 - axi_gpio_0
Adding component instance block -- xilinx.com:user:zed_audio_ctrl:1.0 - zed_audio_ctrl_0
Adding component instance block -- xilinx.com:ip:proc_sys_reset:5.0 - proc_sys_reset
Adding component instance block -- lab.ensc:user:SVGA_core:1.0 - SVGA_core_0
Adding component instance block -- xilinx.com:ip:axi_gpio:2.0 - btns_5bit
Adding component instance block -- xilinx.com:user:led_ip:1.0 - led_ip_0
Adding component instance block -- xilinx.com:ip:axi_gpio:2.0 - sw_8bits
Adding component instance block -- xilinx.com:user:randNum:1.0 - randNum_0
Adding component instance block -- lab.ensc:user:joystk2:1.0 - joystk2_0
Adding component instance block -- xilinx.com:ip:axi_protocol_converter:2.1 - auto_pc
Adding component instance block -- xilinx.com:ip:axi_crossbar:2.1 - xbar
Adding component instance block -- xilinx.com:ip:axi_protocol_converter:2.1 - auto_pc
Successfully read diagram <system> from BD file <C:/Users/byim/Documents/ENSC_452/MILESTONE_6/mainGame/mainGame.srcs/sources_1/bd/system/system.bd>
open_bd_design: Time (s): cpu = 00:00:11 ; elapsed = 00:00:08 . Memory (MB): peak = 1699.102 ; gain = 12.777
export_hardware [get_files C:/Users/byim/Documents/ENSC_452/MILESTONE_6/mainGame/mainGame.srcs/sources_1/bd/system/system.bd] [get_runs impl_1] -bitstream
WARNING: [Vivado 12-690] Backannotated BMM file does not exist in the run dir:C:/Users/byim/Documents/ENSC_452/MILESTONE_6/mainGame/mainGame.runs/impl_1/system_wrapper_bd.bmm
Exporting to file C:/Users/byim/Documents/ENSC_452/MILESTONE_6/mainGame/mainGame.sdk/SDK/SDK_Export/hw/system.xml
INFO: [BD 41-436] exporting bit file 'C:/Users/byim/Documents/ENSC_452/MILESTONE_6/mainGame/mainGame.runs/impl_1/system_wrapper.bit'...
export_hardware: Time (s): cpu = 00:00:11 ; elapsed = 00:00:12 . Memory (MB): peak = 1730.973 ; gain = 22.449
launch_sdk -bit C:/Users/byim/Documents/ENSC_452/MILESTONE_6/mainGame/mainGame.sdk/SDK/SDK_Export/hw/system_wrapper.bit -workspace C:/Users/byim/Documents/ENSC_452/MILESTONE_6/mainGame/mainGame.sdk/SDK/SDK_Export -hwspec C:/Users/byim/Documents/ENSC_452/MILESTONE_6/mainGame/mainGame.sdk/SDK/SDK_Export/hw/system.xml
INFO: [Vivado 12-393] Launching SDK...
INFO: [Vivado 12-417] Running xsdk -bit C:/Users/byim/Documents/ENSC_452/MILESTONE_6/mainGame/mainGame.sdk/SDK/SDK_Export/hw/system_wrapper.bit -workspace C:/Users/byim/Documents/ENSC_452/MILESTONE_6/mainGame/mainGame.sdk/SDK/SDK_Export -hwspec C:/Users/byim/Documents/ENSC_452/MILESTONE_6/mainGame/mainGame.sdk/SDK/SDK_Export/hw/system.xml
INFO: [Vivado 12-3157] SDK launch initiated. Please check console for any further messages.
export_hardware [get_files C:/Users/byim/Documents/ENSC_452/MILESTONE_6/mainGame/mainGame.srcs/sources_1/bd/system/system.bd] [get_runs impl_1] -bitstream
WARNING: [Vivado 12-690] Backannotated BMM file does not exist in the run dir:C:/Users/byim/Documents/ENSC_452/MILESTONE_6/mainGame/mainGame.runs/impl_1/system_wrapper_bd.bmm
Exporting to file C:/Users/byim/Documents/ENSC_452/MILESTONE_6/mainGame/mainGame.sdk/SDK/SDK_Export/hw/system.xml
INFO: [BD 41-436] exporting bit file 'C:/Users/byim/Documents/ENSC_452/MILESTONE_6/mainGame/mainGame.runs/impl_1/system_wrapper.bit'...
export_hardware: Time (s): cpu = 00:00:11 ; elapsed = 00:00:12 . Memory (MB): peak = 1742.137 ; gain = 11.164
launch_sdk -bit C:/Users/byim/Documents/ENSC_452/MILESTONE_6/mainGame/mainGame.sdk/SDK/SDK_Export/hw/system_wrapper.bit -workspace C:/Users/byim/Documents/ENSC_452/MILESTONE_6/mainGame/mainGame.sdk/SDK/SDK_Export -hwspec C:/Users/byim/Documents/ENSC_452/MILESTONE_6/mainGame/mainGame.sdk/SDK/SDK_Export/hw/system.xml
INFO: [Vivado 12-393] Launching SDK...
INFO: [Vivado 12-417] Running xsdk -bit C:/Users/byim/Documents/ENSC_452/MILESTONE_6/mainGame/mainGame.sdk/SDK/SDK_Export/hw/system_wrapper.bit -workspace C:/Users/byim/Documents/ENSC_452/MILESTONE_6/mainGame/mainGame.sdk/SDK/SDK_Export -hwspec C:/Users/byim/Documents/ENSC_452/MILESTONE_6/mainGame/mainGame.sdk/SDK/SDK_Export/hw/system.xml
INFO: [Vivado 12-3157] SDK launch initiated. Please check console for any further messages.
export_hardware [get_files C:/Users/byim/Documents/ENSC_452/MILESTONE_6/mainGame/mainGame.srcs/sources_1/bd/system/system.bd] [get_runs impl_1] -bitstream
WARNING: [Vivado 12-690] Backannotated BMM file does not exist in the run dir:C:/Users/byim/Documents/ENSC_452/MILESTONE_6/mainGame/mainGame.runs/impl_1/system_wrapper_bd.bmm
Exporting to file C:/Users/byim/Documents/ENSC_452/MILESTONE_6/mainGame/mainGame.sdk/SDK/SDK_Export/hw/system.xml
INFO: [BD 41-436] exporting bit file 'C:/Users/byim/Documents/ENSC_452/MILESTONE_6/mainGame/mainGame.runs/impl_1/system_wrapper.bit'...
export_hardware: Time (s): cpu = 00:00:09 ; elapsed = 00:00:10 . Memory (MB): peak = 1742.137 ; gain = 0.000
launch_sdk -bit C:/Users/byim/Documents/ENSC_452/MILESTONE_6/mainGame/mainGame.sdk/SDK/SDK_Export/hw/system_wrapper.bit -workspace C:/Users/byim/Documents/ENSC_452/MILESTONE_6/mainGame/mainGame.sdk/SDK/SDK_Export -hwspec C:/Users/byim/Documents/ENSC_452/MILESTONE_6/mainGame/mainGame.sdk/SDK/SDK_Export/hw/system.xml
INFO: [Vivado 12-393] Launching SDK...
INFO: [Vivado 12-417] Running xsdk -bit C:/Users/byim/Documents/ENSC_452/MILESTONE_6/mainGame/mainGame.sdk/SDK/SDK_Export/hw/system_wrapper.bit -workspace C:/Users/byim/Documents/ENSC_452/MILESTONE_6/mainGame/mainGame.sdk/SDK/SDK_Export -hwspec C:/Users/byim/Documents/ENSC_452/MILESTONE_6/mainGame/mainGame.sdk/SDK/SDK_Export/hw/system.xml
INFO: [Vivado 12-3157] SDK launch initiated. Please check console for any further messages.
export_hardware [get_files C:/Users/byim/Documents/ENSC_452/MILESTONE_6/mainGame/mainGame.srcs/sources_1/bd/system/system.bd] [get_runs impl_1] -bitstream
WARNING: [Vivado 12-690] Backannotated BMM file does not exist in the run dir:C:/Users/byim/Documents/ENSC_452/MILESTONE_6/mainGame/mainGame.runs/impl_1/system_wrapper_bd.bmm
Exporting to file C:/Users/byim/Documents/ENSC_452/MILESTONE_6/mainGame/mainGame.sdk/SDK/SDK_Export/hw/system.xml
INFO: [BD 41-436] exporting bit file 'C:/Users/byim/Documents/ENSC_452/MILESTONE_6/mainGame/mainGame.runs/impl_1/system_wrapper.bit'...
export_hardware: Time (s): cpu = 00:00:11 ; elapsed = 00:00:12 . Memory (MB): peak = 1742.137 ; gain = 0.000
launch_sdk -bit C:/Users/byim/Documents/ENSC_452/MILESTONE_6/mainGame/mainGame.sdk/SDK/SDK_Export/hw/system_wrapper.bit -workspace C:/Users/byim/Documents/ENSC_452/MILESTONE_6/mainGame/mainGame.sdk/SDK/SDK_Export -hwspec C:/Users/byim/Documents/ENSC_452/MILESTONE_6/mainGame/mainGame.sdk/SDK/SDK_Export/hw/system.xml
INFO: [Vivado 12-393] Launching SDK...
INFO: [Vivado 12-417] Running xsdk -bit C:/Users/byim/Documents/ENSC_452/MILESTONE_6/mainGame/mainGame.sdk/SDK/SDK_Export/hw/system_wrapper.bit -workspace C:/Users/byim/Documents/ENSC_452/MILESTONE_6/mainGame/mainGame.sdk/SDK/SDK_Export -hwspec C:/Users/byim/Documents/ENSC_452/MILESTONE_6/mainGame/mainGame.sdk/SDK/SDK_Export/hw/system.xml
INFO: [Vivado 12-3157] SDK launch initiated. Please check console for any further messages.
delete_bd_objs [get_bd_intf_nets processing_system7_0_axi_periph_m06_axi] [get_bd_cells randNum_0]
set_property ip_repo_paths  {c:/Users/byim/Documents/ENSC_452/MILESTONE_6/zed_audio_ctrl c:/Users/byim/Documents/ENSC_452/MILESTONE_6/joystk2 c:/Users/byim/Documents/ENSC_452/MILESTONE_6/vga250 C:/Users/byim/Documents/ENSC_452/MILESTONE_6/rannum c:/Users/byim/Documents/ENSC_452/MILESTONE_6/led_ip} [current_fileset]
update_ip_catalog
INFO: [IP_Flow 19-234] Refreshing IP repositories
INFO: [IP_Flow 19-1700] Loaded user repository 'c:/Users/byim/Documents/ENSC_452/MILESTONE_6/zed_audio_ctrl'.
INFO: [IP_Flow 19-1700] Loaded user repository 'c:/Users/byim/Documents/ENSC_452/MILESTONE_6/joystk2'.
INFO: [IP_Flow 19-1700] Loaded user repository 'c:/Users/byim/Documents/ENSC_452/MILESTONE_6/vga250'.
INFO: [IP_Flow 19-1700] Loaded user repository 'c:/Users/byim/Documents/ENSC_452/MILESTONE_6/rannum'.
INFO: [IP_Flow 19-1700] Loaded user repository 'c:/Users/byim/Documents/ENSC_452/MILESTONE_6/led_ip'.
update_ip_catalog -rebuild -repo_path c:/Users/byim/Documents/ENSC_452/MILESTONE_6/rannum
INFO: [IP_Flow 19-725] Reloaded user repository 'c:/Users/byim/Documents/ENSC_452/MILESTONE_6/rannum'
startgroup
create_bd_cell -type ip -vlnv xilinx.com:user:randNum:1.0 randNum_0
endgroup
set_property location {3 1520 1713} [get_bd_cells SVGA_core_0]
set_property location {3 1039 2148} [get_bd_cells randNum_0]
apply_bd_automation -rule xilinx.com:bd_rule:axi4 -config {Master "/processing_system7_0/M_AXI_GP0" }  [get_bd_intf_pins randNum_0/S_AXI]
</randNum_0/S_AXI/S_AXI_reg> is being mapped into </processing_system7_0/Data> at <0x43C11000[ 4K ]>
make_wrapper -files [get_files C:/Users/byim/Documents/ENSC_452/MILESTONE_6/mainGame/mainGame.srcs/sources_1/bd/system/system.bd] -top
INFO: [BD 41-237] Bus Interface property NUM_WRITE_OUTSTANDING does not match between /processing_system7_0/S_AXI_HP0(8) and /axi_mem_intercon/s00_couplers/auto_pc/M_AXI(2)
INFO: [BD 41-237] Bus Interface property NUM_READ_OUTSTANDING does not match between /processing_system7_0/S_AXI_HP0(8) and /axi_mem_intercon/s00_couplers/auto_pc/M_AXI(2)
INFO: [BD 41-237] Bus Interface property ID_WIDTH does not match between /processing_system7_0/S_AXI_HP0(6) and /axi_mem_intercon/s00_couplers/auto_pc/M_AXI(0)
INFO: [BD 41-237] Bus Interface property READ_WRITE_MODE does not match between /processing_system7_0/S_AXI_HP0(READ_WRITE) and /axi_mem_intercon/s00_couplers/auto_pc/M_AXI(READ_ONLY)
Verilog Output written to : system.v
Verilog Output written to : system_wrapper.v
Wrote  : <C:/Users/byim/Documents/ENSC_452/MILESTONE_6/mainGame/mainGame.srcs/sources_1/bd/system/system.bd> 
make_wrapper: Time (s): cpu = 00:00:14 ; elapsed = 00:00:14 . Memory (MB): peak = 1790.441 ; gain = 23.176
open_bd_design {C:/Users/byim/Documents/ENSC_452/MILESTONE_6/mainGame/mainGame.srcs/sources_1/bd/system/system.bd}
save_bd_design
Wrote  : <C:/Users/byim/Documents/ENSC_452/MILESTONE_6/mainGame/mainGame.srcs/sources_1/bd/system/system.bd> 
reset_run synth_1
launch_runs synth_1
INFO: [BD 41-237] Bus Interface property NUM_WRITE_OUTSTANDING does not match between /processing_system7_0/S_AXI_HP0(8) and /axi_mem_intercon/s00_couplers/auto_pc/M_AXI(2)
INFO: [BD 41-237] Bus Interface property NUM_READ_OUTSTANDING does not match between /processing_system7_0/S_AXI_HP0(8) and /axi_mem_intercon/s00_couplers/auto_pc/M_AXI(2)
INFO: [BD 41-237] Bus Interface property ID_WIDTH does not match between /processing_system7_0/S_AXI_HP0(6) and /axi_mem_intercon/s00_couplers/auto_pc/M_AXI(0)
INFO: [BD 41-237] Bus Interface property READ_WRITE_MODE does not match between /processing_system7_0/S_AXI_HP0(READ_WRITE) and /axi_mem_intercon/s00_couplers/auto_pc/M_AXI(READ_ONLY)
Verilog Output written to : system.v
Verilog Output written to : system_wrapper.v
Wrote  : <C:/Users/byim/Documents/ENSC_452/MILESTONE_6/mainGame/mainGame.srcs/sources_1/bd/system/system.bd> 
INFO: [IP_Flow 19-1706] Not generating up to date 'Synthesis' target for IP 'system_processing_system7_0_0'.
INFO: [BD 41-1029] Generation completed for the IP Integrator block /processing_system7_0 .
INFO: [IP_Flow 19-1706] Not generating up to date 'Synthesis' target for IP 'system_axi_gpio_0_0'.
INFO: [IP_Flow 19-1706] Not generating up to date 'Implementation' target for IP 'system_axi_gpio_0_0'.
INFO: [BD 41-1029] Generation completed for the IP Integrator block /axi_gpio_0 .
INFO: [IP_Flow 19-1706] Not generating up to date 'Synthesis' target for IP 'system_zed_audio_ctrl_0_1'.
INFO: [BD 41-1029] Generation completed for the IP Integrator block /zed_audio_ctrl_0 .
INFO: [IP_Flow 19-1706] Not generating up to date 'Synthesis' target for IP 'system_proc_sys_reset_0'.
INFO: [IP_Flow 19-1706] Not generating up to date 'Implementation' target for IP 'system_proc_sys_reset_0'.
INFO: [BD 41-1029] Generation completed for the IP Integrator block /proc_sys_reset .
INFO: [IP_Flow 19-1706] Not generating up to date 'Synthesis' target for IP 'system_xbar_1'.
INFO: [BD 41-1029] Generation completed for the IP Integrator block /processing_system7_0_axi_periph/xbar .
INFO: [IP_Flow 19-1706] Not generating up to date 'Synthesis' target for IP 'system_SVGA_core_0_0'.
INFO: [BD 41-1029] Generation completed for the IP Integrator block /SVGA_core_0 .
INFO: [IP_Flow 19-1706] Not generating up to date 'Synthesis' target for IP 'system_axi_gpio_1_1'.
INFO: [IP_Flow 19-1706] Not generating up to date 'Implementation' target for IP 'system_axi_gpio_1_1'.
INFO: [BD 41-1029] Generation completed for the IP Integrator block /btns_5bit .
INFO: [IP_Flow 19-1706] Not generating up to date 'Synthesis' target for IP 'system_led_ip_0_0'.
INFO: [BD 41-1029] Generation completed for the IP Integrator block /led_ip_0 .
INFO: [IP_Flow 19-1706] Not generating up to date 'Synthesis' target for IP 'system_axi_gpio_1_2'.
INFO: [IP_Flow 19-1706] Not generating up to date 'Implementation' target for IP 'system_axi_gpio_1_2'.
INFO: [BD 41-1029] Generation completed for the IP Integrator block /sw_8bits .
INFO: [IP_Flow 19-1706] Not generating up to date 'Synthesis' target for IP 'system_joystk2_0_0'.
INFO: [BD 41-1029] Generation completed for the IP Integrator block /joystk2_0 .
INFO: [IP_Flow 19-1687] The current project language is set to Verilog. However IP 'system_randNum_0_1' does not support 'Verilog Synthesis' output products, delivering 'VHDL Synthesis' output products instead.
Delivering 'VHDL Synthesis' files for IP 'system_randNum_0_1'.
INFO: [BD 41-1029] Generation completed for the IP Integrator block /randNum_0 .
Delivering 'Verilog Synthesis' files for IP 'system_auto_pc_62'.
INFO: [IP_Flow 19-616] The current project language is set to Verilog. However the IP definition 'xilinx.com:ip:fifo_generator:11.0' does not support 'Verilog Synthesis' output products, delivering 'VHDL Synthesis' output products instead.
INFO: [IP_Flow 19-616] The current project language is set to Verilog. However the IP definition 'xilinx.com:ip:blk_mem_gen:8.0' does not support 'Verilog Synthesis' output products, delivering 'VHDL Synthesis' output products instead.
INFO: [BD 41-1029] Generation completed for the IP Integrator block /processing_system7_0_axi_periph/s00_couplers/auto_pc .
Delivering 'Verilog Synthesis' files for IP 'system_auto_pc_63'.
INFO: [IP_Flow 19-616] The current project language is set to Verilog. However the IP definition 'xilinx.com:ip:fifo_generator:11.0' does not support 'Verilog Synthesis' output products, delivering 'VHDL Synthesis' output products instead.
INFO: [IP_Flow 19-616] The current project language is set to Verilog. However the IP definition 'xilinx.com:ip:blk_mem_gen:8.0' does not support 'Verilog Synthesis' output products, delivering 'VHDL Synthesis' output products instead.
INFO: [BD 41-1029] Generation completed for the IP Integrator block /axi_mem_intercon/s00_couplers/auto_pc .
INFO: [BD 41-539] Not generating up to date 'Implementation' target for block design system
INFO: [BD 41-1029] Generation completed for the IP Integrator block /processing_system7_0 .
INFO: [IP_Flow 19-1706] Not generating up to date 'Implementation' target for IP 'system_axi_gpio_0_0'.
INFO: [BD 41-1029] Generation completed for the IP Integrator block /axi_gpio_0 .
INFO: [BD 41-1029] Generation completed for the IP Integrator block /zed_audio_ctrl_0 .
INFO: [IP_Flow 19-1706] Not generating up to date 'Implementation' target for IP 'system_proc_sys_reset_0'.
INFO: [BD 41-1029] Generation completed for the IP Integrator block /proc_sys_reset .
INFO: [BD 41-1029] Generation completed for the IP Integrator block /processing_system7_0_axi_periph/xbar .
INFO: [BD 41-1029] Generation completed for the IP Integrator block /SVGA_core_0 .
INFO: [IP_Flow 19-1706] Not generating up to date 'Implementation' target for IP 'system_axi_gpio_1_1'.
INFO: [BD 41-1029] Generation completed for the IP Integrator block /btns_5bit .
INFO: [BD 41-1029] Generation completed for the IP Integrator block /led_ip_0 .
INFO: [IP_Flow 19-1706] Not generating up to date 'Implementation' target for IP 'system_axi_gpio_1_2'.
INFO: [BD 41-1029] Generation completed for the IP Integrator block /sw_8bits .
INFO: [BD 41-1029] Generation completed for the IP Integrator block /joystk2_0 .
INFO: [BD 41-1029] Generation completed for the IP Integrator block /randNum_0 .
INFO: [BD 41-1029] Generation completed for the IP Integrator block /processing_system7_0_axi_periph/s00_couplers/auto_pc .
INFO: [BD 41-1029] Generation completed for the IP Integrator block /axi_mem_intercon/s00_couplers/auto_pc .
[Thu Apr 03 14:05:54 2014] Launched synth_1...
Run output will be captured here: C:/Users/byim/Documents/ENSC_452/MILESTONE_6/mainGame/mainGame.runs/synth_1/runme.log
launch_runs: Time (s): cpu = 00:00:15 ; elapsed = 00:00:16 . Memory (MB): peak = 1790.441 ; gain = 0.000
launch_runs impl_1
[Thu Apr 03 14:10:18 2014] Launched impl_1...
Run output will be captured here: C:/Users/byim/Documents/ENSC_452/MILESTONE_6/mainGame/mainGame.runs/impl_1/runme.log
refresh_design
INFO: [Netlist 29-17] Analyzing 20 Unisim elements for replacement
INFO: [Netlist 29-28] Unisim Transformation completed in 0 CPU seconds
INFO: [Project 1-479] Netlist was created with Vivado 2013.3
INFO: [Opt 31-138] Pushed 0 inverter(s).
Parsing XDC File [c:/Users/byim/Documents/ENSC_452/MILESTONE_6/mainGame/.Xil/Vivado-4368-lab713/dcp/system_wrapper.xdc]
Finished Parsing XDC File [c:/Users/byim/Documents/ENSC_452/MILESTONE_6/mainGame/.Xil/Vivado-4368-lab713/dcp/system_wrapper.xdc]
Reading XDEF placement.
Reading XDEF routing.
Read XDEF File: Time (s): cpu = 00:00:00 ; elapsed = 00:00:00.174 . Memory (MB): peak = 1790.441 ; gain = 0.000
Restoring placement.
Restored 900 out of 900 XDEF sites from archive | CPU: 1.000000 secs | Memory: 0.000000 MB |
INFO: [Memdata 28-143] Successfully populated the BRAM INIT strings from the following elf files: 
refresh_design: Time (s): cpu = 00:00:29 ; elapsed = 00:00:21 . Memory (MB): peak = 1862.488 ; gain = 72.047
open_bd_design {C:/Users/byim/Documents/ENSC_452/MILESTONE_6/mainGame/mainGame.srcs/sources_1/bd/system/system.bd}
launch_runs impl_1 -to_step write_bitstream
[Thu Apr 03 14:16:49 2014] Launched impl_1...
Run output will be captured here: C:/Users/byim/Documents/ENSC_452/MILESTONE_6/mainGame/mainGame.runs/impl_1/runme.log
export_hardware [get_files C:/Users/byim/Documents/ENSC_452/MILESTONE_6/mainGame/mainGame.srcs/sources_1/bd/system/system.bd] [get_runs impl_1] -bitstream
WARNING: [Vivado 12-690] Backannotated BMM file does not exist in the run dir:C:/Users/byim/Documents/ENSC_452/MILESTONE_6/mainGame/mainGame.runs/impl_1/system_wrapper_bd.bmm
Exporting to file C:/Users/byim/Documents/ENSC_452/MILESTONE_6/mainGame/mainGame.sdk/SDK/SDK_Export/hw/system.xml
INFO: [BD 41-436] exporting bit file 'C:/Users/byim/Documents/ENSC_452/MILESTONE_6/mainGame/mainGame.runs/impl_1/system_wrapper.bit'...
export_hardware: Time (s): cpu = 00:00:15 ; elapsed = 00:00:15 . Memory (MB): peak = 1886.652 ; gain = 24.164
launch_sdk -bit C:/Users/byim/Documents/ENSC_452/MILESTONE_6/mainGame/mainGame.sdk/SDK/SDK_Export/hw/system_wrapper.bit -workspace C:/Users/byim/Documents/ENSC_452/MILESTONE_6/mainGame/mainGame.sdk/SDK/SDK_Export -hwspec C:/Users/byim/Documents/ENSC_452/MILESTONE_6/mainGame/mainGame.sdk/SDK/SDK_Export/hw/system.xml
INFO: [Vivado 12-393] Launching SDK...
INFO: [Vivado 12-417] Running xsdk -bit C:/Users/byim/Documents/ENSC_452/MILESTONE_6/mainGame/mainGame.sdk/SDK/SDK_Export/hw/system_wrapper.bit -workspace C:/Users/byim/Documents/ENSC_452/MILESTONE_6/mainGame/mainGame.sdk/SDK/SDK_Export -hwspec C:/Users/byim/Documents/ENSC_452/MILESTONE_6/mainGame/mainGame.sdk/SDK/SDK_Export/hw/system.xml
INFO: [Vivado 12-3157] SDK launch initiated. Please check console for any further messages.
export_hardware [get_files C:/Users/byim/Documents/ENSC_452/MILESTONE_6/mainGame/mainGame.srcs/sources_1/bd/system/system.bd] [get_runs impl_1] -bitstream
WARNING: [Vivado 12-690] Backannotated BMM file does not exist in the run dir:C:/Users/byim/Documents/ENSC_452/MILESTONE_6/mainGame/mainGame.runs/impl_1/system_wrapper_bd.bmm
Exporting to file C:/Users/byim/Documents/ENSC_452/MILESTONE_6/mainGame/mainGame.sdk/SDK/SDK_Export/hw/system.xml
INFO: [BD 41-436] exporting bit file 'C:/Users/byim/Documents/ENSC_452/MILESTONE_6/mainGame/mainGame.runs/impl_1/system_wrapper.bit'...
export_hardware: Time (s): cpu = 00:00:18 ; elapsed = 00:00:20 . Memory (MB): peak = 1895.227 ; gain = 8.574
launch_sdk -bit C:/Users/byim/Documents/ENSC_452/MILESTONE_6/mainGame/mainGame.sdk/SDK/SDK_Export/hw/system_wrapper.bit -workspace C:/Users/byim/Documents/ENSC_452/MILESTONE_6/mainGame/mainGame.sdk/SDK/SDK_Export -hwspec C:/Users/byim/Documents/ENSC_452/MILESTONE_6/mainGame/mainGame.sdk/SDK/SDK_Export/hw/system.xml
INFO: [Vivado 12-393] Launching SDK...
INFO: [Vivado 12-417] Running xsdk -bit C:/Users/byim/Documents/ENSC_452/MILESTONE_6/mainGame/mainGame.sdk/SDK/SDK_Export/hw/system_wrapper.bit -workspace C:/Users/byim/Documents/ENSC_452/MILESTONE_6/mainGame/mainGame.sdk/SDK/SDK_Export -hwspec C:/Users/byim/Documents/ENSC_452/MILESTONE_6/mainGame/mainGame.sdk/SDK/SDK_Export/hw/system.xml
INFO: [Vivado 12-3157] SDK launch initiated. Please check console for any further messages.
export_hardware [get_files C:/Users/byim/Documents/ENSC_452/MILESTONE_6/mainGame/mainGame.srcs/sources_1/bd/system/system.bd] [get_runs impl_1] -bitstream
WARNING: [Vivado 12-690] Backannotated BMM file does not exist in the run dir:C:/Users/byim/Documents/ENSC_452/MILESTONE_6/mainGame/mainGame.runs/impl_1/system_wrapper_bd.bmm
Exporting to file C:/Users/byim/Documents/ENSC_452/MILESTONE_6/mainGame/mainGame.sdk/SDK/SDK_Export/hw/system.xml
INFO: [BD 41-436] exporting bit file 'C:/Users/byim/Documents/ENSC_452/MILESTONE_6/mainGame/mainGame.runs/impl_1/system_wrapper.bit'...
export_hardware: Time (s): cpu = 00:00:17 ; elapsed = 00:00:17 . Memory (MB): peak = 1897.734 ; gain = 2.508
launch_sdk -bit C:/Users/byim/Documents/ENSC_452/MILESTONE_6/mainGame/mainGame.sdk/SDK/SDK_Export/hw/system_wrapper.bit -workspace C:/Users/byim/Documents/ENSC_452/MILESTONE_6/mainGame/mainGame.sdk/SDK/SDK_Export -hwspec C:/Users/byim/Documents/ENSC_452/MILESTONE_6/mainGame/mainGame.sdk/SDK/SDK_Export/hw/system.xml
INFO: [Vivado 12-393] Launching SDK...
INFO: [Vivado 12-417] Running xsdk -bit C:/Users/byim/Documents/ENSC_452/MILESTONE_6/mainGame/mainGame.sdk/SDK/SDK_Export/hw/system_wrapper.bit -workspace C:/Users/byim/Documents/ENSC_452/MILESTONE_6/mainGame/mainGame.sdk/SDK/SDK_Export -hwspec C:/Users/byim/Documents/ENSC_452/MILESTONE_6/mainGame/mainGame.sdk/SDK/SDK_Export/hw/system.xml
INFO: [Vivado 12-3157] SDK launch initiated. Please check console for any further messages.
exit
INFO: [Common 17-206] Exiting Vivado at Fri Apr 04 00:22:27 2014...
