#-----------------------------------------------------------
# Vivado v2013.3 (64-bit)
# SW Build 329390 on Wed Oct 16 18:37:02 MDT 2013
# IP Build 192953 on Wed Oct 16 08:44:02 MDT 2013
# Start of session at: Fri Mar 28 13:42:54 2014
# Process ID: 5788
# Log file: C:/Users/byim/Documents/ENSC_452/MILESTONE_6/mainGame/vivado.log
# Journal file: C:/Users/byim/Documents/ENSC_452/MILESTONE_6/mainGame\vivado.jou
#-----------------------------------------------------------
INFO: [Common 17-78] Attempting to get a license: Implementation
INFO: [Common 17-81] Feature available: Implementation
INFO: [Device 21-36] Loading parts and site information from C:/Xilinx/Vivado/2013.3/data/parts/arch.xml
Parsing RTL primitives file [C:/Xilinx/Vivado/2013.3/data/parts/xilinx/rtl/prims/rtl_prims.xml]
Finished parsing RTL primitives file [C:/Xilinx/Vivado/2013.3/data/parts/xilinx/rtl/prims/rtl_prims.xml]
start_gui
open_project {C:\Users\byim\Documents\ENSC_452\MILESTONE_6\mainGame\mainGame.xpr}
INFO: [Project 1-313] Project file moved from 'C:/Users/jcleong/Documents/MILESTONE_6/mainGame' since last save.
Import path for source C:/Users/byim/Documents/ENSC_452/MILESTONE_6/mainGame/mainGame.srcs/sources_1/bd/system/system.bd: Could not find the file 'C:/Users/byim/Documents/ENSC_452/audio_test/labsource/labs/lab4/audio/audio.srcs/sources_1/bd/system/system.bd', nor could it be found using path 'C:/Users/jcleong/Documents/audio_test/labsource/labs/lab4/audio/audio.srcs/sources_1/bd/system/system.bd'.
Import path for source C:/Users/byim/Documents/ENSC_452/MILESTONE_6/mainGame/mainGame.srcs/sources_1/bd/system/hdl/system_wrapper.v: Could not find the file 'C:/Users/byim/Documents/ENSC_452/audio_test/labsource/labs/lab4/audio/audio.srcs/sources_1/bd/system/hdl/system_wrapper.v', nor could it be found using path 'C:/Users/jcleong/Documents/audio_test/labsource/labs/lab4/audio/audio.srcs/sources_1/bd/system/hdl/system_wrapper.v'.
Import path for source C:/Users/byim/Documents/ENSC_452/MILESTONE_6/mainGame/mainGame.srcs/constrs_1/imports/lab4/zed_audio_constraints.xdc: Could not find the file 'C:/Users/byim/Documents/ENSC_452/audio_test/labsource/sources/lab4/zed_audio_constraints.xdc', nor could it be found using path 'C:/Users/jcleong/Documents/audio_test/labsource/sources/lab4/zed_audio_constraints.xdc'.
Scanning sources...
Finished scanning sources
Import path for source C:/Users/byim/Documents/ENSC_452/MILESTONE_6/mainGame/mainGame.srcs/sources_1/bd/system/system.bd: Could not find the file 'C:/Users/byim/Documents/ENSC_452/audio_test/labsource/labs/lab4/audio/audio.srcs/sources_1/bd/system/system.bd', nor could it be found using path 'C:/Users/jcleong/Documents/audio_test/labsource/labs/lab4/audio/audio.srcs/sources_1/bd/system/system.bd'.
Import path for source C:/Users/byim/Documents/ENSC_452/MILESTONE_6/mainGame/mainGame.srcs/sources_1/bd/system/hdl/system_wrapper.v: Could not find the file 'C:/Users/byim/Documents/ENSC_452/audio_test/labsource/labs/lab4/audio/audio.srcs/sources_1/bd/system/hdl/system_wrapper.v', nor could it be found using path 'C:/Users/jcleong/Documents/audio_test/labsource/labs/lab4/audio/audio.srcs/sources_1/bd/system/hdl/system_wrapper.v'.
Import path for source C:/Users/byim/Documents/ENSC_452/MILESTONE_6/mainGame/mainGame.srcs/constrs_1/imports/lab4/zed_audio_constraints.xdc: Could not find the file 'C:/Users/byim/Documents/ENSC_452/audio_test/labsource/sources/lab4/zed_audio_constraints.xdc', nor could it be found using path 'C:/Users/jcleong/Documents/audio_test/labsource/sources/lab4/zed_audio_constraints.xdc'.
Import path for source C:/Users/byim/Documents/ENSC_452/MILESTONE_6/mainGame/mainGame.srcs/constrs_1/imports/lab4/zed_audio_constraints.xdc: Could not find the file 'C:/Users/byim/Documents/ENSC_452/audio_test/labsource/sources/lab4/zed_audio_constraints.xdc', nor could it be found using path 'C:/Users/jcleong/Documents/audio_test/labsource/sources/lab4/zed_audio_constraints.xdc'.
INFO: [IP_Flow 19-234] Refreshing IP repositories
INFO: [IP_Flow 19-1700] Loaded user repository 'c:/Users/byim/Documents/ENSC_452/MILESTONE_6/zed_audio_ctrl'.
INFO: [IP_Flow 19-1700] Loaded user repository 'c:/Users/byim/Documents/ENSC_452/MILESTONE_6/rannum'.
INFO: [IP_Flow 19-1700] Loaded user repository 'c:/Users/byim/Documents/ENSC_452/MILESTONE_6/vga250'.
INFO: [IP_Flow 19-1700] Loaded user repository 'c:/Users/byim/Documents/ENSC_452/MILESTONE_6/led_ip'.
INFO: [IP_Flow 19-2313] Loaded Vivado repository 'C:/Xilinx/Vivado/2013.3/data/ip'.
open_project: Time (s): cpu = 00:00:16 ; elapsed = 00:00:14 . Memory (MB): peak = 862.375 ; gain = 95.395
reset_run impl_1 -prev_step 
launch_runs impl_1 -to_step write_bitstream
[Fri Mar 28 13:43:48 2014] Launched impl_1...
Run output will be captured here: C:/Users/byim/Documents/ENSC_452/MILESTONE_6/mainGame/mainGame.runs/impl_1/runme.log
reset_run synth_1
launch_runs synth_1
[Fri Mar 28 14:17:22 2014] Launched synth_1...
Run output will be captured here: C:/Users/byim/Documents/ENSC_452/MILESTONE_6/mainGame/mainGame.runs/synth_1/runme.log
launch_runs impl_1
[Fri Mar 28 14:20:19 2014] Launched impl_1...
Run output will be captured here: C:/Users/byim/Documents/ENSC_452/MILESTONE_6/mainGame/mainGame.runs/impl_1/runme.log
open_run impl_1
INFO: [Netlist 29-17] Analyzing 19 Unisim elements for replacement
INFO: [Netlist 29-28] Unisim Transformation completed in 0 CPU seconds
INFO: [Project 1-479] Netlist was created with Vivado 2013.3
Loading clock regions from C:/Xilinx/Vivado/2013.3/data\parts/xilinx/zynq/zynq/xc7z020/ClockRegion.xml
Loading clock buffers from C:/Xilinx/Vivado/2013.3/data\parts/xilinx/zynq/zynq/xc7z020/ClockBuffers.xml
Loading clock placement rules from C:/Xilinx/Vivado/2013.3/data/parts/xilinx/zynq/ClockPlacerRules.xml
Loading package pin functions from C:/Xilinx/Vivado/2013.3/data\parts/xilinx/zynq/PinFunctions.xml...
Loading package from C:/Xilinx/Vivado/2013.3/data\parts/xilinx/zynq/zynq/xc7z020/clg484/Package.xml
Loading io standards from C:/Xilinx/Vivado/2013.3/data\./parts/xilinx/zynq/IOStandards.xml
INFO: [Opt 31-138] Pushed 0 inverter(s).
INFO: [Common 17-78] Attempting to get a license: Internal_bitstream
WARNING: [Common 17-301] Failed to get a license: Internal_bitstream
Parsing XDC File [C:/Users/byim/Documents/ENSC_452/MILESTONE_6/mainGame/.Xil/Vivado-5788-lab713/dcp/system_wrapper.xdc]
Finished Parsing XDC File [C:/Users/byim/Documents/ENSC_452/MILESTONE_6/mainGame/.Xil/Vivado-5788-lab713/dcp/system_wrapper.xdc]
Reading XDEF placement.
Reading XDEF routing.
Read XDEF File: Time (s): cpu = 00:00:00 ; elapsed = 00:00:00.140 . Memory (MB): peak = 1406.891 ; gain = 2.160
Restoring placement.
Restored 835 out of 835 XDEF sites from archive | CPU: 0.000000 secs | Memory: 0.000000 MB |
INFO: [Memdata 28-143] Successfully populated the BRAM INIT strings from the following elf files: 
INFO: [Project 1-111] Unisim Transformation Summary:
  A total of 17 instances were transformed.
  IOBUF => IOBUF (OBUFT, IBUF): 17 instances

open_run: Time (s): cpu = 00:00:39 ; elapsed = 00:00:25 . Memory (MB): peak = 1690.012 ; gain = 756.469
open_bd_design {C:/Users/byim/Documents/ENSC_452/MILESTONE_6/mainGame/mainGame.srcs/sources_1/bd/system/system.bd}
Adding component instance block -- xilinx.com:ip:processing_system7:5.3 - processing_system7_0
Adding component instance block -- xilinx.com:ip:axi_gpio:2.0 - axi_gpio_0
Adding component instance block -- xilinx.com:user:zed_audio_ctrl:1.0 - zed_audio_ctrl_0
Adding component instance block -- xilinx.com:ip:proc_sys_reset:5.0 - proc_sys_reset
Adding component instance block -- lab.ensc:user:SVGA_core:1.0 - SVGA_core_0
Adding component instance block -- xilinx.com:ip:axi_gpio:2.0 - btns_5bit
Adding component instance block -- xilinx.com:user:led_ip:1.0 - led_ip_0
Adding component instance block -- xilinx.com:ip:axi_gpio:2.0 - sw_8bits
Adding component instance block -- xilinx.com:user:randNum:1.0 - randNum_0
Adding component instance block -- xilinx.com:ip:axi_protocol_converter:2.1 - auto_pc
Adding component instance block -- xilinx.com:ip:axi_crossbar:2.1 - xbar
Adding component instance block -- xilinx.com:ip:axi_protocol_converter:2.1 - auto_pc
Successfully read diagram <system> from BD file <C:/Users/byim/Documents/ENSC_452/MILESTONE_6/mainGame/mainGame.srcs/sources_1/bd/system/system.bd>
open_bd_design: Time (s): cpu = 00:00:10 ; elapsed = 00:00:08 . Memory (MB): peak = 1718.574 ; gain = 0.000
launch_runs impl_1 -to_step write_bitstream
[Fri Mar 28 14:22:30 2014] Launched impl_1...
Run output will be captured here: C:/Users/byim/Documents/ENSC_452/MILESTONE_6/mainGame/mainGame.runs/impl_1/runme.log
open_bd_design {C:/Users/byim/Documents/ENSC_452/MILESTONE_6/mainGame/mainGame.srcs/sources_1/bd/system/system.bd}
exit
INFO: [Common 17-206] Exiting Vivado at Fri Mar 28 18:29:29 2014...
