#-----------------------------------------------------------
# Vivado v2013.3 (64-bit)
# SW Build 329390 on Wed Oct 16 18:37:02 MDT 2013
# IP Build 192953 on Wed Oct 16 08:44:02 MDT 2013
# Start of session at: Fri Apr 04 09:19:43 2014
# Process ID: 4828
# Log file: C:/Users/byim/Documents/ENSC_452/MILESTONE_6/mainGame/vivado.log
# Journal file: C:/Users/byim/Documents/ENSC_452/MILESTONE_6/mainGame\vivado.jou
#-----------------------------------------------------------
INFO: [Common 17-78] Attempting to get a license: Implementation
INFO: [Common 17-81] Feature available: Implementation
INFO: [Device 21-36] Loading parts and site information from C:/Xilinx/Vivado/2013.3/data/parts/arch.xml
Parsing RTL primitives file [C:/Xilinx/Vivado/2013.3/data/parts/xilinx/rtl/prims/rtl_prims.xml]
Finished parsing RTL primitives file [C:/Xilinx/Vivado/2013.3/data/parts/xilinx/rtl/prims/rtl_prims.xml]
start_gui
open_project {C:\Users\byim\Documents\ENSC_452\MILESTONE_6\mainGame\mainGame.xpr}
INFO: [Project 1-313] Project file moved from 'C:/Users/jcleong/Documents/MILESTONE_6/mainGame' since last save.
Import path for source C:/Users/byim/Documents/ENSC_452/MILESTONE_6/mainGame/mainGame.srcs/sources_1/bd/system/system.bd: Could not find the file 'C:/Users/byim/Documents/ENSC_452/audio_test/labsource/labs/lab4/audio/audio.srcs/sources_1/bd/system/system.bd', nor could it be found using path 'C:/Users/jcleong/Documents/audio_test/labsource/labs/lab4/audio/audio.srcs/sources_1/bd/system/system.bd'.
Import path for source C:/Users/byim/Documents/ENSC_452/MILESTONE_6/mainGame/mainGame.srcs/sources_1/bd/system/hdl/system_wrapper.v: Could not find the file 'C:/Users/byim/Documents/ENSC_452/audio_test/labsource/labs/lab4/audio/audio.srcs/sources_1/bd/system/hdl/system_wrapper.v', nor could it be found using path 'C:/Users/jcleong/Documents/audio_test/labsource/labs/lab4/audio/audio.srcs/sources_1/bd/system/hdl/system_wrapper.v'.
Import path for source C:/Users/byim/Documents/ENSC_452/MILESTONE_6/mainGame/mainGame.srcs/constrs_1/imports/lab4/zed_audio_constraints.xdc: Could not find the file 'C:/Users/byim/Documents/ENSC_452/audio_test/labsource/sources/lab4/zed_audio_constraints.xdc', nor could it be found using path 'C:/Users/jcleong/Documents/audio_test/labsource/sources/lab4/zed_audio_constraints.xdc'.
Scanning sources...
Finished scanning sources
Import path for source C:/Users/byim/Documents/ENSC_452/MILESTONE_6/mainGame/mainGame.srcs/sources_1/bd/system/system.bd: Could not find the file 'C:/Users/byim/Documents/ENSC_452/audio_test/labsource/labs/lab4/audio/audio.srcs/sources_1/bd/system/system.bd', nor could it be found using path 'C:/Users/jcleong/Documents/audio_test/labsource/labs/lab4/audio/audio.srcs/sources_1/bd/system/system.bd'.
Import path for source C:/Users/byim/Documents/ENSC_452/MILESTONE_6/mainGame/mainGame.srcs/sources_1/bd/system/hdl/system_wrapper.v: Could not find the file 'C:/Users/byim/Documents/ENSC_452/audio_test/labsource/labs/lab4/audio/audio.srcs/sources_1/bd/system/hdl/system_wrapper.v', nor could it be found using path 'C:/Users/jcleong/Documents/audio_test/labsource/labs/lab4/audio/audio.srcs/sources_1/bd/system/hdl/system_wrapper.v'.
Import path for source C:/Users/byim/Documents/ENSC_452/MILESTONE_6/mainGame/mainGame.srcs/constrs_1/imports/lab4/zed_audio_constraints.xdc: Could not find the file 'C:/Users/byim/Documents/ENSC_452/audio_test/labsource/sources/lab4/zed_audio_constraints.xdc', nor could it be found using path 'C:/Users/jcleong/Documents/audio_test/labsource/sources/lab4/zed_audio_constraints.xdc'.
Import path for source C:/Users/byim/Documents/ENSC_452/MILESTONE_6/mainGame/mainGame.srcs/constrs_1/imports/lab4/zed_audio_constraints.xdc: Could not find the file 'C:/Users/byim/Documents/ENSC_452/audio_test/labsource/sources/lab4/zed_audio_constraints.xdc', nor could it be found using path 'C:/Users/jcleong/Documents/audio_test/labsource/sources/lab4/zed_audio_constraints.xdc'.
INFO: [IP_Flow 19-234] Refreshing IP repositories
INFO: [IP_Flow 19-1700] Loaded user repository 'c:/Users/byim/Documents/ENSC_452/MILESTONE_6/zed_audio_ctrl'.
INFO: [IP_Flow 19-1700] Loaded user repository 'c:/Users/byim/Documents/ENSC_452/MILESTONE_6/joystk2'.
INFO: [IP_Flow 19-1700] Loaded user repository 'c:/Users/byim/Documents/ENSC_452/MILESTONE_6/vga250'.
INFO: [IP_Flow 19-1700] Loaded user repository 'c:/Users/byim/Documents/ENSC_452/MILESTONE_6/rannum'.
INFO: [IP_Flow 19-1700] Loaded user repository 'c:/Users/byim/Documents/ENSC_452/MILESTONE_6/led_ip'.
INFO: [IP_Flow 19-2313] Loaded Vivado repository 'C:/Xilinx/Vivado/2013.3/data/ip'.
open_project: Time (s): cpu = 00:00:16 ; elapsed = 00:00:12 . Memory (MB): peak = 863.180 ; gain = 96.668
open_run impl_1
INFO: [Netlist 29-17] Analyzing 20 Unisim elements for replacement
INFO: [Netlist 29-28] Unisim Transformation completed in 0 CPU seconds
INFO: [Project 1-479] Netlist was created with Vivado 2013.3
Loading clock regions from C:/Xilinx/Vivado/2013.3/data\parts/xilinx/zynq/zynq/xc7z020/ClockRegion.xml
Loading clock buffers from C:/Xilinx/Vivado/2013.3/data\parts/xilinx/zynq/zynq/xc7z020/ClockBuffers.xml
Loading clock placement rules from C:/Xilinx/Vivado/2013.3/data/parts/xilinx/zynq/ClockPlacerRules.xml
Loading package pin functions from C:/Xilinx/Vivado/2013.3/data\parts/xilinx/zynq/PinFunctions.xml...
Loading package from C:/Xilinx/Vivado/2013.3/data\parts/xilinx/zynq/zynq/xc7z020/clg484/Package.xml
Loading io standards from C:/Xilinx/Vivado/2013.3/data\./parts/xilinx/zynq/IOStandards.xml
INFO: [Opt 31-138] Pushed 0 inverter(s).
INFO: [Common 17-78] Attempting to get a license: Internal_bitstream
WARNING: [Common 17-301] Failed to get a license: Internal_bitstream
Parsing XDC File [C:/Users/byim/Documents/ENSC_452/MILESTONE_6/mainGame/.Xil/Vivado-4828-lab713/dcp/system_wrapper.xdc]
Finished Parsing XDC File [C:/Users/byim/Documents/ENSC_452/MILESTONE_6/mainGame/.Xil/Vivado-4828-lab713/dcp/system_wrapper.xdc]
Reading XDEF placement.
Reading XDEF routing.
Read XDEF File: Time (s): cpu = 00:00:01 ; elapsed = 00:00:00.156 . Memory (MB): peak = 1380.473 ; gain = 3.473
Restoring placement.
Restored 900 out of 900 XDEF sites from archive | CPU: 1.000000 secs | Memory: 0.000000 MB |
INFO: [Memdata 28-143] Successfully populated the BRAM INIT strings from the following elf files: 
INFO: [Project 1-111] Unisim Transformation Summary:
  A total of 17 instances were transformed.
  IOBUF => IOBUF (OBUFT, IBUF): 17 instances

open_run: Time (s): cpu = 00:00:36 ; elapsed = 00:00:25 . Memory (MB): peak = 1717.297 ; gain = 844.035
open_bd_design {C:/Users/byim/Documents/ENSC_452/MILESTONE_6/mainGame/mainGame.srcs/sources_1/bd/system/system.bd}
Adding component instance block -- xilinx.com:ip:processing_system7:5.3 - processing_system7_0
Adding component instance block -- xilinx.com:ip:axi_gpio:2.0 - axi_gpio_0
Adding component instance block -- xilinx.com:user:zed_audio_ctrl:1.0 - zed_audio_ctrl_0
Adding component instance block -- xilinx.com:ip:proc_sys_reset:5.0 - proc_sys_reset
Adding component instance block -- lab.ensc:user:SVGA_core:1.0 - SVGA_core_0
Adding component instance block -- xilinx.com:ip:axi_gpio:2.0 - btns_5bit
Adding component instance block -- xilinx.com:user:led_ip:1.0 - led_ip_0
Adding component instance block -- xilinx.com:ip:axi_gpio:2.0 - sw_8bits
Adding component instance block -- lab.ensc:user:joystk2:1.0 - joystk2_0
Adding component instance block -- xilinx.com:user:randNum:1.0 - randNum_0
Adding component instance block -- xilinx.com:ip:axi_protocol_converter:2.1 - auto_pc
Adding component instance block -- xilinx.com:ip:axi_crossbar:2.1 - xbar
Adding component instance block -- xilinx.com:ip:axi_protocol_converter:2.1 - auto_pc
Successfully read diagram <system> from BD file <C:/Users/byim/Documents/ENSC_452/MILESTONE_6/mainGame/mainGame.srcs/sources_1/bd/system/system.bd>
open_bd_design: Time (s): cpu = 00:00:13 ; elapsed = 00:00:09 . Memory (MB): peak = 1745.203 ; gain = 17.750
export_hardware [get_files C:/Users/byim/Documents/ENSC_452/MILESTONE_6/mainGame/mainGame.srcs/sources_1/bd/system/system.bd] [get_runs impl_1] -bitstream
WARNING: [Vivado 12-690] Backannotated BMM file does not exist in the run dir:C:/Users/byim/Documents/ENSC_452/MILESTONE_6/mainGame/mainGame.runs/impl_1/system_wrapper_bd.bmm
Exporting to file C:/Users/byim/Documents/ENSC_452/MILESTONE_6/mainGame/mainGame.sdk/SDK/SDK_Export/hw/system.xml
INFO: [BD 41-436] exporting bit file 'C:/Users/byim/Documents/ENSC_452/MILESTONE_6/mainGame/mainGame.runs/impl_1/system_wrapper.bit'...
export_hardware: Time (s): cpu = 00:00:10 ; elapsed = 00:00:10 . Memory (MB): peak = 1757.457 ; gain = 12.254
launch_sdk -bit C:/Users/byim/Documents/ENSC_452/MILESTONE_6/mainGame/mainGame.sdk/SDK/SDK_Export/hw/system_wrapper.bit -workspace C:/Users/byim/Documents/ENSC_452/MILESTONE_6/mainGame/mainGame.sdk/SDK/SDK_Export -hwspec C:/Users/byim/Documents/ENSC_452/MILESTONE_6/mainGame/mainGame.sdk/SDK/SDK_Export/hw/system.xml
INFO: [Vivado 12-393] Launching SDK...
INFO: [Vivado 12-417] Running xsdk -bit C:/Users/byim/Documents/ENSC_452/MILESTONE_6/mainGame/mainGame.sdk/SDK/SDK_Export/hw/system_wrapper.bit -workspace C:/Users/byim/Documents/ENSC_452/MILESTONE_6/mainGame/mainGame.sdk/SDK/SDK_Export -hwspec C:/Users/byim/Documents/ENSC_452/MILESTONE_6/mainGame/mainGame.sdk/SDK/SDK_Export/hw/system.xml
INFO: [Vivado 12-3157] SDK launch initiated. Please check console for any further messages.
reset_run impl_1 -prev_step 
launch_runs impl_1 -to_step write_bitstream
[Fri Apr 04 09:46:23 2014] Launched impl_1...
Run output will be captured here: C:/Users/byim/Documents/ENSC_452/MILESTONE_6/mainGame/mainGame.runs/impl_1/runme.log
export_hardware [get_files C:/Users/byim/Documents/ENSC_452/MILESTONE_6/mainGame/mainGame.srcs/sources_1/bd/system/system.bd] [get_runs impl_1] -bitstream
WARNING: [Vivado 12-690] Backannotated BMM file does not exist in the run dir:C:/Users/byim/Documents/ENSC_452/MILESTONE_6/mainGame/mainGame.runs/impl_1/system_wrapper_bd.bmm
Exporting to file C:/Users/byim/Documents/ENSC_452/MILESTONE_6/mainGame/mainGame.sdk/SDK/SDK_Export/hw/system.xml
INFO: [BD 41-436] exporting bit file 'C:/Users/byim/Documents/ENSC_452/MILESTONE_6/mainGame/mainGame.runs/impl_1/system_wrapper.bit'...
export_hardware: Time (s): cpu = 00:00:14 ; elapsed = 00:00:15 . Memory (MB): peak = 1769.422 ; gain = 11.965
launch_sdk -bit C:/Users/byim/Documents/ENSC_452/MILESTONE_6/mainGame/mainGame.sdk/SDK/SDK_Export/hw/system_wrapper.bit -workspace C:/Users/byim/Documents/ENSC_452/MILESTONE_6/mainGame/mainGame.sdk/SDK/SDK_Export -hwspec C:/Users/byim/Documents/ENSC_452/MILESTONE_6/mainGame/mainGame.sdk/SDK/SDK_Export/hw/system.xml
INFO: [Vivado 12-393] Launching SDK...
INFO: [Vivado 12-417] Running xsdk -bit C:/Users/byim/Documents/ENSC_452/MILESTONE_6/mainGame/mainGame.sdk/SDK/SDK_Export/hw/system_wrapper.bit -workspace C:/Users/byim/Documents/ENSC_452/MILESTONE_6/mainGame/mainGame.sdk/SDK/SDK_Export -hwspec C:/Users/byim/Documents/ENSC_452/MILESTONE_6/mainGame/mainGame.sdk/SDK/SDK_Export/hw/system.xml
INFO: [Vivado 12-3157] SDK launch initiated. Please check console for any further messages.
export_hardware [get_files C:/Users/byim/Documents/ENSC_452/MILESTONE_6/mainGame/mainGame.srcs/sources_1/bd/system/system.bd] [get_runs impl_1] -bitstream
WARNING: [Vivado 12-690] Backannotated BMM file does not exist in the run dir:C:/Users/byim/Documents/ENSC_452/MILESTONE_6/mainGame/mainGame.runs/impl_1/system_wrapper_bd.bmm
Exporting to file C:/Users/byim/Documents/ENSC_452/MILESTONE_6/mainGame/mainGame.sdk/SDK/SDK_Export/hw/system.xml
INFO: [BD 41-436] exporting bit file 'C:/Users/byim/Documents/ENSC_452/MILESTONE_6/mainGame/mainGame.runs/impl_1/system_wrapper.bit'...
export_hardware: Time (s): cpu = 00:00:12 ; elapsed = 00:00:14 . Memory (MB): peak = 1778.203 ; gain = 8.781
launch_sdk -bit C:/Users/byim/Documents/ENSC_452/MILESTONE_6/mainGame/mainGame.sdk/SDK/SDK_Export/hw/system_wrapper.bit -workspace C:/Users/byim/Documents/ENSC_452/MILESTONE_6/mainGame/mainGame.sdk/SDK/SDK_Export -hwspec C:/Users/byim/Documents/ENSC_452/MILESTONE_6/mainGame/mainGame.sdk/SDK/SDK_Export/hw/system.xml
INFO: [Vivado 12-393] Launching SDK...
INFO: [Vivado 12-417] Running xsdk -bit C:/Users/byim/Documents/ENSC_452/MILESTONE_6/mainGame/mainGame.sdk/SDK/SDK_Export/hw/system_wrapper.bit -workspace C:/Users/byim/Documents/ENSC_452/MILESTONE_6/mainGame/mainGame.sdk/SDK/SDK_Export -hwspec C:/Users/byim/Documents/ENSC_452/MILESTONE_6/mainGame/mainGame.sdk/SDK/SDK_Export/hw/system.xml
INFO: [Vivado 12-3157] SDK launch initiated. Please check console for any further messages.
export_hardware [get_files C:/Users/byim/Documents/ENSC_452/MILESTONE_6/mainGame/mainGame.srcs/sources_1/bd/system/system.bd] [get_runs impl_1] -bitstream
WARNING: [Vivado 12-690] Backannotated BMM file does not exist in the run dir:C:/Users/byim/Documents/ENSC_452/MILESTONE_6/mainGame/mainGame.runs/impl_1/system_wrapper_bd.bmm
Exporting to file C:/Users/byim/Documents/ENSC_452/MILESTONE_6/mainGame/mainGame.sdk/SDK/SDK_Export/hw/system.xml
INFO: [BD 41-436] exporting bit file 'C:/Users/byim/Documents/ENSC_452/MILESTONE_6/mainGame/mainGame.runs/impl_1/system_wrapper.bit'...
export_hardware: Time (s): cpu = 00:00:20 ; elapsed = 00:00:21 . Memory (MB): peak = 1786.504 ; gain = 3.172
launch_sdk -bit C:/Users/byim/Documents/ENSC_452/MILESTONE_6/mainGame/mainGame.sdk/SDK/SDK_Export/hw/system_wrapper.bit -workspace C:/Users/byim/Documents/ENSC_452/MILESTONE_6/mainGame/mainGame.sdk/SDK/SDK_Export -hwspec C:/Users/byim/Documents/ENSC_452/MILESTONE_6/mainGame/mainGame.sdk/SDK/SDK_Export/hw/system.xml
INFO: [Vivado 12-393] Launching SDK...
INFO: [Vivado 12-417] Running xsdk -bit C:/Users/byim/Documents/ENSC_452/MILESTONE_6/mainGame/mainGame.sdk/SDK/SDK_Export/hw/system_wrapper.bit -workspace C:/Users/byim/Documents/ENSC_452/MILESTONE_6/mainGame/mainGame.sdk/SDK/SDK_Export -hwspec C:/Users/byim/Documents/ENSC_452/MILESTONE_6/mainGame/mainGame.sdk/SDK/SDK_Export/hw/system.xml
INFO: [Vivado 12-3157] SDK launch initiated. Please check console for any further messages.
export_hardware [get_files C:/Users/byim/Documents/ENSC_452/MILESTONE_6/mainGame/mainGame.srcs/sources_1/bd/system/system.bd] [get_runs impl_1] -bitstream
WARNING: [Vivado 12-690] Backannotated BMM file does not exist in the run dir:C:/Users/byim/Documents/ENSC_452/MILESTONE_6/mainGame/mainGame.runs/impl_1/system_wrapper_bd.bmm
Exporting to file C:/Users/byim/Documents/ENSC_452/MILESTONE_6/mainGame/mainGame.sdk/SDK/SDK_Export/hw/system.xml
INFO: [BD 41-436] exporting bit file 'C:/Users/byim/Documents/ENSC_452/MILESTONE_6/mainGame/mainGame.runs/impl_1/system_wrapper.bit'...
export_hardware: Time (s): cpu = 00:00:19 ; elapsed = 00:00:20 . Memory (MB): peak = 1786.848 ; gain = 0.344
launch_sdk -bit C:/Users/byim/Documents/ENSC_452/MILESTONE_6/mainGame/mainGame.sdk/SDK/SDK_Export/hw/system_wrapper.bit -workspace C:/Users/byim/Documents/ENSC_452/MILESTONE_6/mainGame/mainGame.sdk/SDK/SDK_Export -hwspec C:/Users/byim/Documents/ENSC_452/MILESTONE_6/mainGame/mainGame.sdk/SDK/SDK_Export/hw/system.xml
INFO: [Vivado 12-393] Launching SDK...
INFO: [Vivado 12-417] Running xsdk -bit C:/Users/byim/Documents/ENSC_452/MILESTONE_6/mainGame/mainGame.sdk/SDK/SDK_Export/hw/system_wrapper.bit -workspace C:/Users/byim/Documents/ENSC_452/MILESTONE_6/mainGame/mainGame.sdk/SDK/SDK_Export -hwspec C:/Users/byim/Documents/ENSC_452/MILESTONE_6/mainGame/mainGame.sdk/SDK/SDK_Export/hw/system.xml
INFO: [Vivado 12-3157] SDK launch initiated. Please check console for any further messages.
set_property location {0.5 32 414} [get_bd_cells proc_sys_reset]
set_property location {3.5 1721 119} [get_bd_cells axi_gpio_0]
set_property location {4 1725 201} [get_bd_cells btns_5bit]
set_property location {4 1745 318} [get_bd_cells led_ip_0]
set_property location {4 1724 446} [get_bd_cells sw_8bits]
set_property location {3 1285 206} [get_bd_cells processing_system7_0]
set_property location {2 859 650} [get_bd_cells axi_mem_intercon]
set_property location {3 1367 495} [get_bd_cells zed_audio_ctrl_0]
set_property location {3 1354 807} [get_bd_cells SVGA_core_0]
set_property location {3 1353 1311} [get_bd_cells joystk2_0]
set_property location {1.5 436 403} [get_bd_cells proc_sys_reset]
set_property location {3 1138 1466} [get_bd_cells randNum_0]
set_property location {3 1157 879} [get_bd_cells SVGA_core_0]
set_property location {3 1142 414} [get_bd_cells zed_audio_ctrl_0]
set_property location {3 1135 462} [get_bd_cells zed_audio_ctrl_0]
set_property location {3 1182 261} [get_bd_cells processing_system7_0]
set_property location {3 1185 844} [get_bd_cells SVGA_core_0]
set_property location {3 1132 1309} [get_bd_cells joystk2_0]
set_property location {3 1142 1453} [get_bd_cells randNum_0]
set_property location {3 1145 786} [get_bd_cells SVGA_core_0]
export_hardware [get_files C:/Users/byim/Documents/ENSC_452/MILESTONE_6/mainGame/mainGame.srcs/sources_1/bd/system/system.bd] [get_runs impl_1] -bitstream
WARNING: [Vivado 12-690] Backannotated BMM file does not exist in the run dir:C:/Users/byim/Documents/ENSC_452/MILESTONE_6/mainGame/mainGame.runs/impl_1/system_wrapper_bd.bmm
Exporting to file C:/Users/byim/Documents/ENSC_452/MILESTONE_6/mainGame/mainGame.sdk/SDK/SDK_Export/hw/system.xml
INFO: [BD 41-436] exporting bit file 'C:/Users/byim/Documents/ENSC_452/MILESTONE_6/mainGame/mainGame.runs/impl_1/system_wrapper.bit'...
export_hardware: Time (s): cpu = 00:00:18 ; elapsed = 00:00:19 . Memory (MB): peak = 1787.535 ; gain = 0.688
launch_sdk -bit C:/Users/byim/Documents/ENSC_452/MILESTONE_6/mainGame/mainGame.sdk/SDK/SDK_Export/hw/system_wrapper.bit -workspace C:/Users/byim/Documents/ENSC_452/MILESTONE_6/mainGame/mainGame.sdk/SDK/SDK_Export -hwspec C:/Users/byim/Documents/ENSC_452/MILESTONE_6/mainGame/mainGame.sdk/SDK/SDK_Export/hw/system.xml
INFO: [Vivado 12-393] Launching SDK...
INFO: [Vivado 12-417] Running xsdk -bit C:/Users/byim/Documents/ENSC_452/MILESTONE_6/mainGame/mainGame.sdk/SDK/SDK_Export/hw/system_wrapper.bit -workspace C:/Users/byim/Documents/ENSC_452/MILESTONE_6/mainGame/mainGame.sdk/SDK/SDK_Export -hwspec C:/Users/byim/Documents/ENSC_452/MILESTONE_6/mainGame/mainGame.sdk/SDK/SDK_Export/hw/system.xml
INFO: [Vivado 12-3157] SDK launch initiated. Please check console for any further messages.
report_utilization -name utilization_1
report_utilization: Time (s): cpu = 00:00:00 ; elapsed = 00:00:02 . Memory (MB): peak = 1787.535 ; gain = 0.000
report_utilization -file C:/Users/byim/Documents/ENSC_452/mainGame_resources.txt -name utilization_2
report_utilization: Time (s): cpu = 00:00:00 ; elapsed = 00:00:01 . Memory (MB): peak = 1790.254 ; gain = 2.719
exit
INFO: [Common 17-206] Exiting Vivado at Fri Apr 04 18:03:14 2014...
