#-----------------------------------------------------------
# Vivado v2013.3 (64-bit)
# SW Build 329390 on Wed Oct 16 18:37:02 MDT 2013
# IP Build 192953 on Wed Oct 16 08:44:02 MDT 2013
# Start of session at: Tue Apr 08 16:19:59 2014
# Process ID: 712
# Log file: C:/Users/byim/Documents/ENSC_452/MILESTONE_6/mainGame/vivado.log
# Journal file: C:/Users/byim/Documents/ENSC_452/MILESTONE_6/mainGame\vivado.jou
#-----------------------------------------------------------
INFO: [Common 17-78] Attempting to get a license: Implementation
INFO: [Common 17-81] Feature available: Implementation
INFO: [Device 21-36] Loading parts and site information from C:/Xilinx/Vivado/2013.3/data/parts/arch.xml
Parsing RTL primitives file [C:/Xilinx/Vivado/2013.3/data/parts/xilinx/rtl/prims/rtl_prims.xml]
Finished parsing RTL primitives file [C:/Xilinx/Vivado/2013.3/data/parts/xilinx/rtl/prims/rtl_prims.xml]
start_gui
open_project {C:\Users\byim\Documents\ENSC_452\MILESTONE_6\mainGame\mainGame.xpr}
INFO: [Project 1-313] Project file moved from 'C:/Users/jcleong/Documents/MILESTONE_6/mainGame' since last save.
Import path for source C:/Users/byim/Documents/ENSC_452/MILESTONE_6/mainGame/mainGame.srcs/sources_1/bd/system/system.bd: Could not find the file 'C:/Users/byim/Documents/ENSC_452/audio_test/labsource/labs/lab4/audio/audio.srcs/sources_1/bd/system/system.bd', nor could it be found using path 'C:/Users/jcleong/Documents/audio_test/labsource/labs/lab4/audio/audio.srcs/sources_1/bd/system/system.bd'.
Import path for source C:/Users/byim/Documents/ENSC_452/MILESTONE_6/mainGame/mainGame.srcs/sources_1/bd/system/hdl/system_wrapper.v: Could not find the file 'C:/Users/byim/Documents/ENSC_452/audio_test/labsource/labs/lab4/audio/audio.srcs/sources_1/bd/system/hdl/system_wrapper.v', nor could it be found using path 'C:/Users/jcleong/Documents/audio_test/labsource/labs/lab4/audio/audio.srcs/sources_1/bd/system/hdl/system_wrapper.v'.
Import path for source C:/Users/byim/Documents/ENSC_452/MILESTONE_6/mainGame/mainGame.srcs/constrs_1/imports/lab4/zed_audio_constraints.xdc: Could not find the file 'C:/Users/byim/Documents/ENSC_452/audio_test/labsource/sources/lab4/zed_audio_constraints.xdc', nor could it be found using path 'C:/Users/jcleong/Documents/audio_test/labsource/sources/lab4/zed_audio_constraints.xdc'.
Scanning sources...
Finished scanning sources
Import path for source C:/Users/byim/Documents/ENSC_452/MILESTONE_6/mainGame/mainGame.srcs/sources_1/bd/system/system.bd: Could not find the file 'C:/Users/byim/Documents/ENSC_452/audio_test/labsource/labs/lab4/audio/audio.srcs/sources_1/bd/system/system.bd', nor could it be found using path 'C:/Users/jcleong/Documents/audio_test/labsource/labs/lab4/audio/audio.srcs/sources_1/bd/system/system.bd'.
Import path for source C:/Users/byim/Documents/ENSC_452/MILESTONE_6/mainGame/mainGame.srcs/sources_1/bd/system/hdl/system_wrapper.v: Could not find the file 'C:/Users/byim/Documents/ENSC_452/audio_test/labsource/labs/lab4/audio/audio.srcs/sources_1/bd/system/hdl/system_wrapper.v', nor could it be found using path 'C:/Users/jcleong/Documents/audio_test/labsource/labs/lab4/audio/audio.srcs/sources_1/bd/system/hdl/system_wrapper.v'.
Import path for source C:/Users/byim/Documents/ENSC_452/MILESTONE_6/mainGame/mainGame.srcs/constrs_1/imports/lab4/zed_audio_constraints.xdc: Could not find the file 'C:/Users/byim/Documents/ENSC_452/audio_test/labsource/sources/lab4/zed_audio_constraints.xdc', nor could it be found using path 'C:/Users/jcleong/Documents/audio_test/labsource/sources/lab4/zed_audio_constraints.xdc'.
Import path for source C:/Users/byim/Documents/ENSC_452/MILESTONE_6/mainGame/mainGame.srcs/constrs_1/imports/lab4/zed_audio_constraints.xdc: Could not find the file 'C:/Users/byim/Documents/ENSC_452/audio_test/labsource/sources/lab4/zed_audio_constraints.xdc', nor could it be found using path 'C:/Users/jcleong/Documents/audio_test/labsource/sources/lab4/zed_audio_constraints.xdc'.
INFO: [IP_Flow 19-234] Refreshing IP repositories
INFO: [IP_Flow 19-1700] Loaded user repository 'c:/Users/byim/Documents/ENSC_452/MILESTONE_6/zed_audio_ctrl'.
INFO: [IP_Flow 19-1700] Loaded user repository 'c:/Users/byim/Documents/ENSC_452/MILESTONE_6/joystk2'.
INFO: [IP_Flow 19-1700] Loaded user repository 'c:/Users/byim/Documents/ENSC_452/MILESTONE_6/vga250'.
INFO: [IP_Flow 19-1700] Loaded user repository 'c:/Users/byim/Documents/ENSC_452/MILESTONE_6/rannum'.
INFO: [IP_Flow 19-1700] Loaded user repository 'c:/Users/byim/Documents/ENSC_452/MILESTONE_6/led_ip'.
INFO: [IP_Flow 19-2313] Loaded Vivado repository 'C:/Xilinx/Vivado/2013.3/data/ip'.
open_project: Time (s): cpu = 00:00:16 ; elapsed = 00:00:10 . Memory (MB): peak = 866.496 ; gain = 102.871
open_bd_design {C:/Users/byim/Documents/ENSC_452/MILESTONE_6/mainGame/mainGame.srcs/sources_1/bd/system/system.bd}
Adding component instance block -- xilinx.com:ip:processing_system7:5.3 - processing_system7_0
Adding component instance block -- xilinx.com:ip:axi_gpio:2.0 - axi_gpio_0
Adding component instance block -- xilinx.com:user:zed_audio_ctrl:1.0 - zed_audio_ctrl_0
Adding component instance block -- xilinx.com:ip:proc_sys_reset:5.0 - proc_sys_reset
Adding component instance block -- lab.ensc:user:SVGA_core:1.0 - SVGA_core_0
Adding component instance block -- xilinx.com:ip:axi_gpio:2.0 - btns_5bit
Adding component instance block -- xilinx.com:user:led_ip:1.0 - led_ip_0
Adding component instance block -- xilinx.com:ip:axi_gpio:2.0 - sw_8bits
Adding component instance block -- lab.ensc:user:joystk2:1.0 - joystk2_0
Adding component instance block -- xilinx.com:user:randNum:1.0 - randNum_0
Adding component instance block -- xilinx.com:ip:axi_protocol_converter:2.1 - auto_pc
Adding component instance block -- xilinx.com:ip:axi_crossbar:2.1 - xbar
Adding component instance block -- xilinx.com:ip:axi_protocol_converter:2.1 - auto_pc
Successfully read diagram <system> from BD file <C:/Users/byim/Documents/ENSC_452/MILESTONE_6/mainGame/mainGame.srcs/sources_1/bd/system/system.bd>
open_bd_design: Time (s): cpu = 00:00:13 ; elapsed = 00:00:08 . Memory (MB): peak = 961.238 ; gain = 88.156
set_property location {3 1036 650} [get_bd_cells processing_system7_0]
set_property location {3 1049 669} [get_bd_cells processing_system7_0]
set_property location {3 1059 959} [get_bd_cells zed_audio_ctrl_0]
set_property location {3 1043 1221} [get_bd_cells SVGA_core_0]
set_property location {3 1062 1224} [get_bd_cells SVGA_core_0]
set_property location {3 1048 1751} [get_bd_cells joystk2_0]
set_property location {3 1029 1876} [get_bd_cells randNum_0]
set_property location {2 583 1260} [get_bd_cells randNum_0]
set_property location {3 1052 1698} [get_bd_cells joystk2_0]
set_property location {3 1057 709} [get_bd_cells processing_system7_0]
set_property location {3 1063 989} [get_bd_cells zed_audio_ctrl_0]
set_property location {3 1059 1335} [get_bd_cells SVGA_core_0]
set_property location {3 1059 1760} [get_bd_cells joystk2_0]
set_property location {1423 982} [get_bd_ports LRCLK]
set_property location {1388 1006} [get_bd_ports SDATA_O]
set_property location {1368 1288} [get_bd_ports VGA_HSYNC]
set_property location {1362 1297} [get_bd_ports VGA_HSYNC]
set_property location {696 1773} [get_bd_ports MISO]
undo
INFO: [Common 17-17] undo 'set_property location {696 1773} [get_bd_ports MISO]'
set_property location {689 1764} [get_bd_ports MISO]
undo
INFO: [Common 17-17] undo 'set_property location {689 1764} [get_bd_ports MISO]'
set_property location {684 1762} [get_bd_ports MISO]
undo
INFO: [Common 17-17] undo 'set_property location {684 1762} [get_bd_ports MISO]'
set_property location {125 1761} [get_bd_ports MISO]
set_property location {95 1758} [get_bd_ports MISO]
set_property location {97 1761} [get_bd_ports MISO]
set_property location {116 1763} [get_bd_ports MISO]
set_property location {95 1761} [get_bd_ports MISO]
set_property location {418 1753} [get_bd_ports MISO]
set_property location {505 1759} [get_bd_ports MISO]
set_property location {209 1767} [get_bd_ports MISO]
set_property location {701 1829} [get_bd_ports MISO]
set_property location {814 1861} [get_bd_ports MISO]
set_property location {762 1855} [get_bd_ports MISO]
set_property location {758 1892} [get_bd_ports MISO]
set_property location {809 1892} [get_bd_ports MISO]
undo
INFO: [Common 17-17] undo 'set_property location {809 1892} [get_bd_ports MISO]'
undo
INFO: [Common 17-17] undo 'set_property location {758 1892} [get_bd_ports MISO]'
undo
INFO: [Common 17-17] undo 'set_property location {762 1855} [get_bd_ports MISO]'
undo
INFO: [Common 17-17] undo 'set_property location {814 1861} [get_bd_ports MISO]'
undo
INFO: [Common 17-17] undo 'set_property location {701 1829} [get_bd_ports MISO]'
undo
INFO: [Common 17-17] undo 'set_property location {209 1767} [get_bd_ports MISO]'
set_property location {1 407 1772} [get_bd_cells joystk2_0]
set_property location {532 1747} [get_bd_ports SS]
startgroup
set_property location {592 1786} [get_bd_ports SCLK]
set_property location {592 1806} [get_bd_ports MOSI]
set_property location {602 1766} [get_bd_ports SS]
endgroup
startgroup
set_property location {626 1824} [get_bd_ports SCLK]
set_property location {586 1824} [get_bd_ports MOSI]
set_property location {626 1824} [get_bd_ports SS]
endgroup
undo
INFO: [Common 17-17] undo 'endgroup'
INFO: [Common 17-17] undo 'set_property location {626 1824} [get_bd_ports SS]'
INFO: [Common 17-17] undo 'set_property location {586 1824} [get_bd_ports MOSI]'
INFO: [Common 17-17] undo 'set_property location {626 1824} [get_bd_ports SCLK]'
INFO: [Common 17-17] undo 'startgroup'
undo
INFO: [Common 17-17] undo 'endgroup'
INFO: [Common 17-17] undo 'set_property location {602 1766} [get_bd_ports SS]'
INFO: [Common 17-17] undo 'set_property location {592 1806} [get_bd_ports MOSI]'
INFO: [Common 17-17] undo 'set_property location {592 1786} [get_bd_ports SCLK]'
INFO: [Common 17-17] undo 'startgroup'
undo
INFO: [Common 17-17] undo 'set_property location {532 1747} [get_bd_ports SS]'
undo
INFO: [Common 17-17] undo 'set_property location {1 407 1772} [get_bd_cells joystk2_0]'
undo
INFO: [Common 17-17] undo 'set_property location {505 1759} [get_bd_ports MISO]'
undo
INFO: [Common 17-17] undo 'set_property location {418 1753} [get_bd_ports MISO]'
undo
INFO: [Common 17-17] undo 'set_property location {95 1761} [get_bd_ports MISO]'
startgroup
set_property location {1295 1881} [get_bd_ports MOSI]
set_property location {2045 1701} [get_bd_ports SS]
set_property location {1335 1881} [get_bd_ports SCLK]
endgroup
startgroup
set_property location {2078 1797} [get_bd_ports SCLK]
set_property location {2078 1617} [get_bd_ports SS]
set_property location {1328 1917} [get_bd_ports MOSI]
endgroup
startgroup
set_property location {1322 1943} [get_bd_ports SCLK]
set_property location {1322 2063} [get_bd_ports MOSI]
set_property location {1342 1763} [get_bd_ports SS]
endgroup
startgroup
set_property location {1352 1989} [get_bd_ports MOSI]
set_property location {1332 1689} [get_bd_ports SS]
set_property location {1332 1869} [get_bd_ports SCLK]
endgroup
startgroup
set_property location {1330 1816} [get_bd_ports SCLK]
set_property location {1330 1636} [get_bd_ports SS]
set_property location {1330 1936} [get_bd_ports MOSI]
endgroup
startgroup
set_property location {1337 1953} [get_bd_ports SCLK]
set_property location {1337 2063} [get_bd_ports MOSI]
set_property location {1357 1773} [get_bd_ports SS]
endgroup
set_property location {3 986 1842} [get_bd_cells joystk2_0]
startgroup
set_property location {1349 1955} [get_bd_ports MOSI]
set_property location {1329 1665} [get_bd_ports SS]
set_property location {1329 1825} [get_bd_ports SCLK]
endgroup
set_property location {1539 1848} [get_bd_ports SCLK]
set_property location {1334 1839} [get_bd_ports SCLK]
set_property location {1339 1809} [get_bd_ports SS]
set_property location {1339 1819} [get_bd_ports SS]
set_property location {1338 1865} [get_bd_ports MOSI]
set_property location {1 394 1766} [get_bd_cells joystk2_0]
startgroup
set_property location {474 1788} [get_bd_ports MOSI]
set_property location {474 1748} [get_bd_ports SS]
set_property location {474 1768} [get_bd_ports SCLK]
endgroup
startgroup
set_property location {563 1781} [get_bd_ports MOSI]
set_property location {563 1741} [get_bd_ports SS]
set_property location {563 1761} [get_bd_ports SCLK]
endgroup
undo
INFO: [Common 17-17] undo 'endgroup'
INFO: [Common 17-17] undo 'set_property location {563 1761} [get_bd_ports SCLK]'
INFO: [Common 17-17] undo 'set_property location {563 1741} [get_bd_ports SS]'
INFO: [Common 17-17] undo 'set_property location {563 1781} [get_bd_ports MOSI]'
INFO: [Common 17-17] undo 'startgroup'
