#-----------------------------------------------------------
# Vivado v2013.3 (64-bit)
# SW Build 329390 on Wed Oct 16 18:37:02 MDT 2013
# IP Build 192953 on Wed Oct 16 08:44:02 MDT 2013
# Start of session at: Thu Apr 03 13:31:53 2014
# Process ID: 2940
# Log file: C:/Users/byim/Documents/ENSC_452/Milestone2/rannum/managed_ip_project/vivado.log
# Journal file: C:/Users/byim/Documents/ENSC_452/Milestone2/rannum/managed_ip_project\vivado.jou
#-----------------------------------------------------------
INFO: [Common 17-78] Attempting to get a license: Implementation
INFO: [Common 17-81] Feature available: Implementation
INFO: [Device 21-36] Loading parts and site information from C:/Xilinx/Vivado/2013.3/data/parts/arch.xml
Parsing RTL primitives file [C:/Xilinx/Vivado/2013.3/data/parts/xilinx/rtl/prims/rtl_prims.xml]
Finished parsing RTL primitives file [C:/Xilinx/Vivado/2013.3/data/parts/xilinx/rtl/prims/rtl_prims.xml]
start_gui
open_project {C:\Users\byim\Documents\ENSC_452\Milestone2\rannum\managed_ip_project\edit_randNum_v1_0.xpr}
Scanning sources...
Finished scanning sources
reset_run synth_1
launch_runs synth_1
[Thu Apr 03 13:46:21 2014] Launched synth_1...
Run output will be captured here: C:/Users/byim/Documents/ENSC_452/Milestone2/rannum/managed_ip_project/edit_randNum_v1_0.runs/synth_1/runme.log
reset_run synth_1
launch_runs synth_1
[Thu Apr 03 13:46:38 2014] Launched synth_1...
Run output will be captured here: C:/Users/byim/Documents/ENSC_452/Milestone2/rannum/managed_ip_project/edit_randNum_v1_0.runs/synth_1/runme.log
reset_run synth_1
launch_runs synth_1
[Thu Apr 03 13:47:17 2014] Launched synth_1...
Run output will be captured here: C:/Users/byim/Documents/ENSC_452/Milestone2/rannum/managed_ip_project/edit_randNum_v1_0.runs/synth_1/runme.log
reset_run synth_1
launch_runs synth_1
[Thu Apr 03 13:47:32 2014] Launched synth_1...
Run output will be captured here: C:/Users/byim/Documents/ENSC_452/Milestone2/rannum/managed_ip_project/edit_randNum_v1_0.runs/synth_1/runme.log
save_project_as project_2 C:/Users/byim/Documents/ENSC_452/Milestone2/randNumgen -force
exit
INFO: [Common 17-206] Exiting Vivado at Thu Apr 03 13:48:58 2014...
