#-----------------------------------------------------------
# Vivado v2013.3 (64-bit)
# SW Build 329390 on Wed Oct 16 18:37:02 MDT 2013
# IP Build 192953 on Wed Oct 16 08:44:02 MDT 2013
# Start of session at: Thu Apr 03 13:49:20 2014
# Process ID: 5988
# Log file: C:/Users/byim/Documents/ENSC_452/Milestone2/rannum/managed_ip_project/vivado.log
# Journal file: C:/Users/byim/Documents/ENSC_452/Milestone2/rannum/managed_ip_project\vivado.jou
#-----------------------------------------------------------
INFO: [Common 17-78] Attempting to get a license: Implementation
INFO: [Common 17-81] Feature available: Implementation
INFO: [Device 21-36] Loading parts and site information from C:/Xilinx/Vivado/2013.3/data/parts/arch.xml
Parsing RTL primitives file [C:/Xilinx/Vivado/2013.3/data/parts/xilinx/rtl/prims/rtl_prims.xml]
Finished parsing RTL primitives file [C:/Xilinx/Vivado/2013.3/data/parts/xilinx/rtl/prims/rtl_prims.xml]
start_gui
open_project {C:\Users\byim\Documents\ENSC_452\Milestone2\rannum\managed_ip_project\edit_randNum_v1_0.xpr}
Scanning sources...
Finished scanning sources
ipx::open_core -upgrade true {C:/Users/byim/Documents/ENSC_452/Milestone2/rannum/managed_ip_project/randNum_1.0/component.xml}
INFO: [IP_Flow 19-234] Refreshing IP repositories
INFO: [IP_Flow 19-1700] Loaded user repository 'c:/Users/byim/Documents/ENSC_452/Milestone2/rannum/managed_ip_project/randNum_1.0'.
INFO: [IP_Flow 19-2313] Loaded Vivado repository 'C:/Xilinx/Vivado/2013.3/data/ip'.
ipx::save_core [ipx::current_core]
update_ip_catalog -rebuild -repo_path c:/Users/byim/Documents/ENSC_452/Milestone2/rannum/managed_ip_project/randNum_1.0
INFO: [IP_Flow 19-725] Reloaded user repository 'c:/Users/byim/Documents/ENSC_452/Milestone2/rannum/managed_ip_project/randNum_1.0'
ipx::unload_core {xilinx.com:user:randNum:1.0}
ipx::open_core -upgrade true {C:/Users/byim/Documents/ENSC_452/Milestone2/rannum/managed_ip_project/randNum_1.0/component.xml}
ipx::save_core [ipx::current_core]
update_ip_catalog -rebuild -repo_path c:/Users/byim/Documents/ENSC_452/Milestone2/rannum/managed_ip_project/randNum_1.0
INFO: [IP_Flow 19-725] Reloaded user repository 'c:/Users/byim/Documents/ENSC_452/Milestone2/rannum/managed_ip_project/randNum_1.0'
ipx::unload_core {xilinx.com:user:randNum:1.0}
save_project_as randNum2 C:/Users/byim/Documents/ENSC_452/Milestone2 -force
exit
INFO: [Common 17-206] Exiting Vivado at Thu Apr 03 13:50:07 2014...
