14:43:06 **** Auto Build of project standalone_bsp_3 ****
make -k all 
libgen -hw ../hw_platform_0/system.xml\
	       -lp C:/Users/byim/Documents/ENSC_452/MILESTONE_6/led_ip/led_ip_1.0 -lp C:/Users/byim/Documents/ENSC_452/MILESTONE_6/rannum/managed_ip_project/randNum_1.0\
	       -pe ps7_cortexa9_0 \
	       -log libgen.log \
	       system.mss
libgen
Xilinx EDK 2013.3 Build EDK_P.20131013
Copyright (c) 1995-2012 Xilinx, Inc.  All rights reserved.

Command Line: libgen -hw ../hw_platform_0/system.xml -lp
C:/Users/byim/Documents/ENSC_452/MILESTONE_6/led_ip/led_ip_1.0 -lp
C:/Users/byim/Documents/ENSC_452/MILESTONE_6/rannum/managed_ip_project/randNum_1
.0 -pe ps7_cortexa9_0 -log libgen.log system.mss 


Staging source files.
Running DRCs.
Running generate.
Running post_generate.
Running include - 'make -s include "COMPILER=arm-xilinx-eabi-gcc"
"ARCHIVER=arm-xilinx-eabi-ar" "COMPILER_FLAGS= -O2 -c"
"EXTRA_COMPILER_FLAGS=-g"'.

Running libs - 'make -s libs "COMPILER=arm-xilinx-eabi-gcc"
"ARCHIVER=arm-xilinx-eabi-ar" "COMPILER_FLAGS= -O2 -c"
"EXTRA_COMPILER_FLAGS=-g"'.
"Compiling common"
arm-xilinx-eabi-ar: creating ../../../lib/libxil.a
"Compiling standalone"
"Compiling gpio"
"Compiling led_ip..."
"Compiling devcfg"
"Compiling dmaps"
"Compiling emacps"
"Compiling gpiops"
"Compiling iicps"
"Compiling qspips"
"Compiling scugic"
"Compiling scutimer"
"Compiling scuwdt"
"Compiling ttcps"
"Compiling uartps"
"Compiling usbps"
"Compiling xadcps"
"Compiling randNum..."
"Compiling cpu_cortexa9"
Running execs_generate.
'Finished building libraries'

14:43:23 Build Finished (took 17s.21ms)

