
*** Running vivado
    with args -log led_ip_v1_0.rds -m64 -mode batch -messageDb vivado.pb -source led_ip_v1_0.tcl


****** Vivado v2013.3 (64-bit)
  **** SW Build 329390 on Wed Oct 16 18:37:02 MDT 2013
  **** IP Build 192953 on Wed Oct 16 08:44:02 MDT 2013
    ** Copyright 1986-1999, 2001-2013 Xilinx, Inc. All Rights Reserved.

INFO: [Common 17-78] Attempting to get a license: Implementation
INFO: [Common 17-81] Feature available: Implementation
INFO: [Device 21-36] Loading parts and site information from C:/Xilinx/Vivado/2013.3/data/parts/arch.xml
Parsing RTL primitives file [C:/Xilinx/Vivado/2013.3/data/parts/xilinx/rtl/prims/rtl_prims.xml]
Finished parsing RTL primitives file [C:/Xilinx/Vivado/2013.3/data/parts/xilinx/rtl/prims/rtl_prims.xml]
source led_ip_v1_0.tcl
# set_param gui.test TreeTableDev
# set_msg_config -id {HDL 9-1061} -limit 100000
# set_msg_config -id {HDL 9-1654} -limit 100000
# set_msg_config -id {HDL-1065} -limit 10000
# create_project -in_memory -part xc7vx485tffg1157-1
# set_property target_language Verilog [current_project]
# set_param project.compositeFile.enableAutoGeneration 0
# set_property ip_repo_paths c:/Users/jcleong/Documents/EmbeddedSysDes/labsource/labs/led_ip/led_ip_1.0 [current_fileset]
# read_verilog {
#   C:/Users/jcleong/Documents/EmbeddedSysDes/labsource/labs/led_ip/managed_ip_project/edit_led_ip_v1_0.srcs/sources_1/imports/lab3/lab3_user_logic.v
#   c:/Users/jcleong/Documents/EmbeddedSysDes/labsource/labs/led_ip/led_ip_1.0/hdl/led_ip_v1_0_S_AXI.v
#   c:/Users/jcleong/Documents/EmbeddedSysDes/labsource/labs/led_ip/led_ip_1.0/hdl/led_ip_v1_0.v
# }
# set_param synth.vivado.isSynthRun true
# set_property webtalk.parent_dir C:/Users/jcleong/Documents/EmbeddedSysDes/labsource/labs/led_ip/managed_ip_project/edit_led_ip_v1_0.data/wt [current_project]
# set_property parent.project_dir C:/Users/jcleong/Documents/EmbeddedSysDes/labsource/labs/led_ip/managed_ip_project [current_project]
# synth_design -top led_ip_v1_0 -part xc7vx485tffg1157-1
Command: synth_design -top led_ip_v1_0 -part xc7vx485tffg1157-1

Starting synthesis...

INFO: [Common 17-347] Attempting to get a license for feature 'Synthesis' and/or device 'xc7vx485t'
INFO: [Common 17-349] Got license for feature 'Synthesis' and/or device 'xc7vx485t'
Starting Synthesize : Time (s): cpu = 00:00:03 ; elapsed = 00:00:03 . Memory (MB): peak = 228.449 ; gain = 81.711
INFO: [Synth 8-638] synthesizing module 'led_ip_v1_0' [c:/Users/jcleong/Documents/EmbeddedSysDes/labsource/labs/led_ip/led_ip_1.0/hdl/led_ip_v1_0.v:1]
	Parameter C_S_AXI_DATA_WIDTH bound to: 32 - type: integer 
	Parameter C_S_AXI_ADDR_WIDTH bound to: 4 - type: integer 
INFO: [Synth 8-638] synthesizing module 'led_ip_v1_0_S_AXI' [c:/Users/jcleong/Documents/EmbeddedSysDes/labsource/labs/led_ip/led_ip_1.0/hdl/led_ip_v1_0_S_AXI.v:1]
	Parameter C_S_AXI_DATA_WIDTH bound to: 32 - type: integer 
	Parameter C_S_AXI_ADDR_WIDTH bound to: 4 - type: integer 
	Parameter ADDR_LSB bound to: 2 - type: integer 
	Parameter OPT_MEM_ADDR_BITS bound to: 1 - type: integer 
INFO: [Synth 8-638] synthesizing module 'lab3_user_logic' [C:/Users/jcleong/Documents/EmbeddedSysDes/labsource/labs/led_ip/managed_ip_project/edit_led_ip_v1_0.srcs/sources_1/imports/lab3/lab3_user_logic.v:6]
INFO: [Synth 8-256] done synthesizing module 'lab3_user_logic' (1#1) [C:/Users/jcleong/Documents/EmbeddedSysDes/labsource/labs/led_ip/managed_ip_project/edit_led_ip_v1_0.srcs/sources_1/imports/lab3/lab3_user_logic.v:6]
WARNING: [Synth 8-689] width (2) of port connection 'axi_awaddr' does not match port width (3) of module 'lab3_user_logic' [c:/Users/jcleong/Documents/EmbeddedSysDes/labsource/labs/led_ip/led_ip_1.0/hdl/led_ip_v1_0_S_AXI.v:400]
INFO: [Synth 8-226] default block is never used [c:/Users/jcleong/Documents/EmbeddedSysDes/labsource/labs/led_ip/led_ip_1.0/hdl/led_ip_v1_0_S_AXI.v:220]
INFO: [Synth 8-226] default block is never used [c:/Users/jcleong/Documents/EmbeddedSysDes/labsource/labs/led_ip/led_ip_1.0/hdl/led_ip_v1_0_S_AXI.v:367]
INFO: [Synth 8-256] done synthesizing module 'led_ip_v1_0_S_AXI' (2#1) [c:/Users/jcleong/Documents/EmbeddedSysDes/labsource/labs/led_ip/led_ip_1.0/hdl/led_ip_v1_0_S_AXI.v:1]
INFO: [Synth 8-256] done synthesizing module 'led_ip_v1_0' (3#1) [c:/Users/jcleong/Documents/EmbeddedSysDes/labsource/labs/led_ip/led_ip_1.0/hdl/led_ip_v1_0.v:1]
Finished Synthesize : Time (s): cpu = 00:00:04 ; elapsed = 00:00:04 . Memory (MB): peak = 260.695 ; gain = 113.957
Start RTL Optimization : Time (s): cpu = 00:00:04 ; elapsed = 00:00:04 . Memory (MB): peak = 260.695 ; gain = 113.957
---------------------------------------------------------------------------------
Finished RTL Optimization : Time (s): cpu = 00:00:04 ; elapsed = 00:00:04 . Memory (MB): peak = 260.695 ; gain = 113.957
---------------------------------------------------------------------------------


Report RTL Partitions: 
+-+--------------+------------+----------+
| |RTL Partition |Replication |Instances |
+-+--------------+------------+----------+
+-+--------------+------------+----------+

---------------------------------------------------------------------------------
Start Loading Part and Timing Information
---------------------------------------------------------------------------------
Loading part: xc7vx485tffg1157-1
Loading clock regions from C:/Xilinx/Vivado/2013.3/data\parts/xilinx/virtex7/virtex7/xc7vx485t/ClockRegion.xml
Loading clock buffers from C:/Xilinx/Vivado/2013.3/data\parts/xilinx/virtex7/virtex7/xc7vx485t/ClockBuffers.xml
Loading clock placement rules from C:/Xilinx/Vivado/2013.3/data/parts/xilinx/virtex7/ClockPlacerRules.xml
Loading package pin functions from C:/Xilinx/Vivado/2013.3/data\parts/xilinx/virtex7/PinFunctions.xml...
Loading package from C:/Xilinx/Vivado/2013.3/data\parts/xilinx/virtex7/virtex7/xc7vx485t/ffg1157/Package.xml
Loading io standards from C:/Xilinx/Vivado/2013.3/data\./parts/xilinx/virtex7/IOStandards.xml
Loading device configuration modes from C:/Xilinx/Vivado/2013.3/data\parts/xilinx/virtex7/ConfigModes.xml
Part Resources:
DSPs: 2800 (col length:140)
BRAMs: 2060 (col length: RAMB8 0 RAMB16 0 RAMB18 140 RAMB36 70)
---------------------------------------------------------------------------------
Finished Loading Part and Timing Information : Time (s): cpu = 00:00:26 ; elapsed = 00:00:28 . Memory (MB): peak = 672.156 ; gain = 525.418
---------------------------------------------------------------------------------

No constraint files found.

---------------------------------------------------------------------------------
Start RTL Component Statistics 
---------------------------------------------------------------------------------
Detailed RTL Component Info : 
+---Registers : 
	               32 Bit    Registers := 5     
	                8 Bit    Registers := 1     
	                4 Bit    Registers := 2     
	                2 Bit    Registers := 2     
	                1 Bit    Registers := 5     
+---Muxes : 
	   4 Input     32 Bit        Muxes := 5     
	   2 Input      1 Bit        Muxes := 6     

---------------------------------------------------------------------------------
Finished RTL Component Statistics 
---------------------------------------------------------------------------------

---------------------------------------------------------------------------------
Start RTL Hierarchical Component Statistics 
---------------------------------------------------------------------------------
Hierarchical RTL Component report 
Module led_ip_v1_0 
Detailed RTL Component Info : 
Module lab3_user_logic 
Detailed RTL Component Info : 
+---Registers : 
	                8 Bit    Registers := 1     
Module led_ip_v1_0_S_AXI 
Detailed RTL Component Info : 
+---Registers : 
	               32 Bit    Registers := 5     
	                4 Bit    Registers := 2     
	                2 Bit    Registers := 2     
	                1 Bit    Registers := 5     
+---Muxes : 
	   4 Input     32 Bit        Muxes := 5     
	   2 Input      1 Bit        Muxes := 6     

---------------------------------------------------------------------------------
Finished RTL Hierarchical Component Statistics
---------------------------------------------------------------------------------

---------------------------------------------------------------------------------
Start Cross Boundary Optimization
---------------------------------------------------------------------------------
WARNING: [Synth 8-3332] Sequential element (\led_ip_v1_0_S_AXI_inst/axi_araddr_reg[1] ) is unused and will be removed from module led_ip_v1_0.
WARNING: [Synth 8-3332] Sequential element (\led_ip_v1_0_S_AXI_inst/axi_araddr_reg[0] ) is unused and will be removed from module led_ip_v1_0.
WARNING: [Synth 8-3332] Sequential element (\led_ip_v1_0_S_AXI_inst/axi_awaddr_reg[1] ) is unused and will be removed from module led_ip_v1_0.
WARNING: [Synth 8-3332] Sequential element (\led_ip_v1_0_S_AXI_inst/axi_awaddr_reg[0] ) is unused and will be removed from module led_ip_v1_0.
WARNING: [Synth 8-3332] Sequential element (\led_ip_v1_0_S_AXI_inst/axi_awaddr_reg[1] ) is unused and will be removed from module led_ip_v1_0.
WARNING: [Synth 8-3332] Sequential element (\led_ip_v1_0_S_AXI_inst/axi_awaddr_reg[0] ) is unused and will be removed from module led_ip_v1_0.
WARNING: [Synth 8-3332] Sequential element (\led_ip_v1_0_S_AXI_inst/axi_araddr_reg[1] ) is unused and will be removed from module led_ip_v1_0.
WARNING: [Synth 8-3332] Sequential element (\led_ip_v1_0_S_AXI_inst/axi_araddr_reg[0] ) is unused and will be removed from module led_ip_v1_0.
WARNING: [Synth 8-3331] design led_ip_v1_0 has unconnected port s_axi_awaddr[1]
WARNING: [Synth 8-3331] design led_ip_v1_0 has unconnected port s_axi_awaddr[0]
WARNING: [Synth 8-3331] design led_ip_v1_0 has unconnected port s_axi_awprot[2]
WARNING: [Synth 8-3331] design led_ip_v1_0 has unconnected port s_axi_awprot[1]
WARNING: [Synth 8-3331] design led_ip_v1_0 has unconnected port s_axi_awprot[0]
WARNING: [Synth 8-3331] design led_ip_v1_0 has unconnected port s_axi_araddr[1]
WARNING: [Synth 8-3331] design led_ip_v1_0 has unconnected port s_axi_araddr[0]
WARNING: [Synth 8-3331] design led_ip_v1_0 has unconnected port s_axi_arprot[2]
WARNING: [Synth 8-3331] design led_ip_v1_0 has unconnected port s_axi_arprot[1]
WARNING: [Synth 8-3331] design led_ip_v1_0 has unconnected port s_axi_arprot[0]
---------------------------------------------------------------------------------
Finished Cross Boundary Optimization : Time (s): cpu = 00:00:26 ; elapsed = 00:00:28 . Memory (MB): peak = 672.184 ; gain = 525.445
---------------------------------------------------------------------------------

---------------------------------------------------------------------------------
Start RAM, DSP and Shift Register Reporting
---------------------------------------------------------------------------------
---------------------------------------------------------------------------------
Finished RAM, DSP and Shift Register Reporting
---------------------------------------------------------------------------------

---------------------------------------------------------------------------------
Start Area Optimization
---------------------------------------------------------------------------------
WARNING: [Synth 8-3332] Sequential element (\led_ip_v1_0_S_AXI_inst/axi_bresp_reg[1] ) is unused and will be removed from module led_ip_v1_0.
WARNING: [Synth 8-3332] Sequential element (\led_ip_v1_0_S_AXI_inst/axi_bresp_reg[0] ) is unused and will be removed from module led_ip_v1_0.
WARNING: [Synth 8-3332] Sequential element (\led_ip_v1_0_S_AXI_inst/axi_rresp_reg[1] ) is unused and will be removed from module led_ip_v1_0.
WARNING: [Synth 8-3332] Sequential element (\led_ip_v1_0_S_AXI_inst/axi_rresp_reg[0] ) is unused and will be removed from module led_ip_v1_0.
No constraint files found.
---------------------------------------------------------------------------------
Finished Area Optimization : Time (s): cpu = 00:00:26 ; elapsed = 00:00:28 . Memory (MB): peak = 703.996 ; gain = 557.258
---------------------------------------------------------------------------------


---------------------------------------------------------------------------------
Start Timing Optimization
---------------------------------------------------------------------------------
No constraint files found.
---------------------------------------------------------------------------------
Finished Timing Optimization : Time (s): cpu = 00:00:26 ; elapsed = 00:00:28 . Memory (MB): peak = 703.996 ; gain = 557.258
---------------------------------------------------------------------------------


---------------------------------------------------------------------------------
Start Technology Mapping
---------------------------------------------------------------------------------
---------------------------------------------------------------------------------
Finished Technology Mapping : Time (s): cpu = 00:00:26 ; elapsed = 00:00:28 . Memory (MB): peak = 703.996 ; gain = 557.258
---------------------------------------------------------------------------------


---------------------------------------------------------------------------------
Start IO Insertion
---------------------------------------------------------------------------------

---------------------------------------------------------------------------------
Start Flattening Before IO Insertion
---------------------------------------------------------------------------------

---------------------------------------------------------------------------------
Finished Flattening Before IO Insertion
---------------------------------------------------------------------------------

---------------------------------------------------------------------------------
Start Final Netlist Cleanup
---------------------------------------------------------------------------------

---------------------------------------------------------------------------------
Finished Final Netlist Cleanup
---------------------------------------------------------------------------------
---------------------------------------------------------------------------------
Finished IO Insertion : Time (s): cpu = 00:00:26 ; elapsed = 00:00:29 . Memory (MB): peak = 703.996 ; gain = 557.258
---------------------------------------------------------------------------------


Report Check Netlist: 
+------+------------------+-------+---------+-------+------------------+
|      |Item              |Errors |Warnings |Status |Description       |
+------+------------------+-------+---------+-------+------------------+
|1     |multi_driven_nets |      0|        0|Passed |Multi driven nets |
+------+------------------+-------+---------+-------+------------------+

---------------------------------------------------------------------------------
Start Renaming Generated Instances
---------------------------------------------------------------------------------
---------------------------------------------------------------------------------
Finished Renaming Generated Instances : Time (s): cpu = 00:00:26 ; elapsed = 00:00:29 . Memory (MB): peak = 703.996 ; gain = 557.258
---------------------------------------------------------------------------------


---------------------------------------------------------------------------------
Start Rebuilding User Hierarchy
---------------------------------------------------------------------------------
---------------------------------------------------------------------------------
Finished Rebuilding User Hierarchy : Time (s): cpu = 00:00:26 ; elapsed = 00:00:29 . Memory (MB): peak = 703.996 ; gain = 557.258
---------------------------------------------------------------------------------

---------------------------------------------------------------------------------
Start RAM, DSP and Shift Register Reporting
---------------------------------------------------------------------------------
---------------------------------------------------------------------------------
Finished RAM, DSP and Shift Register Reporting
---------------------------------------------------------------------------------

---------------------------------------------------------------------------------
Start Writing Synthesis Report
---------------------------------------------------------------------------------

Report BlackBoxes: 
+-+--------------+----------+
| |BlackBox name |Instances |
+-+--------------+----------+
+-+--------------+----------+

Report Cell Usage: 
+------+-----+------+
|      |Cell |Count |
+------+-----+------+
|1     |BUFG |     1|
|2     |LUT1 |     1|
|3     |LUT2 |     4|
|4     |LUT3 |    10|
|5     |LUT4 |     6|
|6     |LUT5 |    67|
|7     |LUT6 |    97|
|8     |FDRE |   177|
|9     |IBUF |    47|
|10    |OBUF |    49|
+------+-----+------+

Report Instance Areas: 
+------+-------------------------+------------------+------+
|      |Instance                 |Module            |Cells |
+------+-------------------------+------------------+------+
|1     |top                      |                  |   459|
|2     |  led_ip_v1_0_S_AXI_inst |led_ip_v1_0_S_AXI |   362|
|3     |    UI                   |lab3_user_logic   |    10|
+------+-------------------------+------------------+------+
---------------------------------------------------------------------------------
Finished Writing Synthesis Report : Time (s): cpu = 00:00:26 ; elapsed = 00:00:29 . Memory (MB): peak = 703.996 ; gain = 557.258
---------------------------------------------------------------------------------

Synthesis finished with 0 errors, 0 critical warnings and 23 warnings.
Synthesis Optimization Complete : Time (s): cpu = 00:00:26 ; elapsed = 00:00:29 . Memory (MB): peak = 703.996 ; gain = 557.258
INFO: [Netlist 29-17] Analyzing 47 Unisim elements for replacement
INFO: [Netlist 29-28] Unisim Transformation completed in 0 CPU seconds
INFO: [Opt 31-140] Inserted 0 IBUFs to IO ports without IO buffers.
INFO: [Opt 31-141] Inserted 0 OBUFs to IO ports without IO buffers.
INFO: [Opt 31-138] Pushed 0 inverter(s).
INFO: [Common 17-78] Attempting to get a license: Internal_bitstream
WARNING: [Common 17-301] Failed to get a license: Internal_bitstream
INFO: [Memdata 28-143] Successfully populated the BRAM INIT strings from the following elf files: 
INFO: [Project 1-111] Unisim Transformation Summary:
No Unisim elements were transformed.

INFO: [Common 17-83] Releasing license: Synthesis
19 Infos, 24 Warnings, 0 Critical Warnings and 0 Errors encountered.
synth_design completed successfully
synth_design: Time (s): cpu = 00:00:39 ; elapsed = 00:00:42 . Memory (MB): peak = 1126.730 ; gain = 942.813
# write_checkpoint led_ip_v1_0.dcp
INFO: [Timing 38-35] Done setting XDC timing constraints.
# report_utilization -file led_ip_v1_0_utilization_synth.rpt -pb led_ip_v1_0_utilization_synth.pb
report_utilization: Time (s): cpu = 00:00:00 ; elapsed = 00:00:00.070 . Memory (MB): peak = 1126.730 ; gain = 0.000
INFO: [Common 17-206] Exiting Vivado at Fri Jan 24 15:47:39 2014...
